Log file open, 10/23/16 22:22:55
LogInit:Display: Running engine for game: Team_disaster_map_1
LogPlatformFile: Not using cached read wrapper
LogInit:Display: RandInit(648948264) SRandInit(648948264).
LogTaskGraph: Started task graph with 5 named threads and 8 total threads with 1 sets of task threads.
LogStats: Stats thread started at 0.073054
LogPluginManager: Loaded Plugin Paper2D, From D:/Development Kit/Epic Games/4.13/Engine/Plugins/2D/Paper2D/Paper2D.uplugin
LogPluginManager: Loaded Plugin LightPropagationVolume, From D:/Development Kit/Epic Games/4.13/Engine/Plugins/Blendables/LightPropagationVolume/LightPropagationVolume.uplugin
LogPluginManager: Loaded Plugin BlankPlugin, From D:/Development Kit/Epic Games/4.13/Engine/Plugins/Developer/BlankPlugin/BlankPlugin.uplugin
LogPluginManager: Loaded Plugin CodeLiteSourceCodeAccess, From D:/Development Kit/Epic Games/4.13/Engine/Plugins/Developer/CodeLiteSourceCodeAccess/CodeLiteSourceCodeAccess.uplugin
LogPluginManager: Loaded Plugin GitSourceControl, From D:/Development Kit/Epic Games/4.13/Engine/Plugins/Developer/GitSourceControl/GitSourceControl.uplugin
LogPluginManager: Loaded Plugin KDevelopSourceCodeAccess, From D:/Development Kit/Epic Games/4.13/Engine/Plugins/Developer/KDevelopSourceCodeAccess/KDevelopSourceCodeAccess.uplugin
LogPluginManager: Loaded Plugin NullSourceCodeAccess, From D:/Development Kit/Epic Games/4.13/Engine/Plugins/Developer/NullSourceCodeAccess/NullSourceCodeAccess.uplugin
LogPluginManager: Loaded Plugin OneSkyLocalizationService, From D:/Development Kit/Epic Games/4.13/Engine/Plugins/Developer/OneSkyLocalizationService/OneSkyLocalizationService.uplugin
LogPluginManager: Loaded Plugin PerforceSourceControl, From D:/Development Kit/Epic Games/4.13/Engine/Plugins/Developer/PerforceSourceControl/PerforceSourceControl.uplugin
LogPluginManager: Loaded Plugin SubversionSourceControl, From D:/Development Kit/Epic Games/4.13/Engine/Plugins/Developer/SubversionSourceControl/SubversionSourceControl.uplugin
LogPluginManager: Loaded Plugin UObjectPlugin, From D:/Development Kit/Epic Games/4.13/Engine/Plugins/Developer/UObjectPlugin/UObjectPlugin.uplugin
LogPluginManager: Loaded Plugin VisualStudioSourceCodeAccess, From D:/Development Kit/Epic Games/4.13/Engine/Plugins/Developer/VisualStudioSourceCodeAccess/VisualStudioSourceCodeAccess.uplugin
LogPluginManager: Loaded Plugin XCodeSourceCodeAccess, From D:/Development Kit/Epic Games/4.13/Engine/Plugins/Developer/XCodeSourceCodeAccess/XCodeSourceCodeAccess.uplugin
LogPluginManager: Loaded Plugin EpicSurvey, From D:/Development Kit/Epic Games/4.13/Engine/Plugins/Editor/EpicSurvey/EpicSurvey.uplugin
LogPluginManager: Loaded Plugin MacGraphicsSwitching, From D:/Development Kit/Epic Games/4.13/Engine/Plugins/Editor/MacGraphicsSwitching/MacGraphicsSwitching.uplugin
LogPluginManager: Loaded Plugin MobileLauncherProfileWizard, From D:/Development Kit/Epic Games/4.13/Engine/Plugins/Editor/MobileLauncherProfileWizard/MobileLauncherProfileWizard.uplugin
LogPluginManager: Loaded Plugin PluginBrowser, From D:/Development Kit/Epic Games/4.13/Engine/Plugins/Editor/PluginBrowser/PluginBrowser.uplugin
LogPluginManager: Loaded Plugin SpeedTreeImporter, From D:/Development Kit/Epic Games/4.13/Engine/Plugins/Editor/SpeedTreeImporter/SpeedTreeImporter.uplugin
LogPluginManager: Loaded Plugin SuperSearchEditor, From D:/Development Kit/Epic Games/4.13/Engine/Plugins/Editor/SuperSearchEditor/SuperSearchEditor.uplugin
LogPluginManager: Loaded Plugin AlembicImporter, From D:/Development Kit/Epic Games/4.13/Engine/Plugins/Experimental/AlembicImporter/AlembicImporter.uplugin
LogPluginManager: Loaded Plugin BlueprintStats, From D:/Development Kit/Epic Games/4.13/Engine/Plugins/Experimental/BlueprintStats/BlueprintStats.uplugin
LogPluginManager: Loaded Plugin CharacterAI, From D:/Development Kit/Epic Games/4.13/Engine/Plugins/Experimental/CharacterAI/CharacterAI.uplugin
LogPluginManager: Loaded Plugin CodeEditor, From D:/Development Kit/Epic Games/4.13/Engine/Plugins/Experimental/CodeEditor/CodeEditor.uplugin
LogPluginManager: Loaded Plugin CodeView, From D:/Development Kit/Epic Games/4.13/Engine/Plugins/Experimental/CodeView/CodeView.uplugin
LogPluginManager: Loaded Plugin HTML5Networking, From D:/Development Kit/Epic Games/4.13/Engine/Plugins/Experimental/HTML5Networking/HTML5Networking.uplugin
LogPluginManager: Loaded Plugin LiveEditor, From D:/Development Kit/Epic Games/4.13/Engine/Plugins/Experimental/LiveEditor/LiveEditor.uplugin
LogPluginManager: Loaded Plugin OSVR, From D:/Development Kit/Epic Games/4.13/Engine/Plugins/Experimental/OSVR/OSVR.uplugin
LogPluginManager: Loaded Plugin Phya, From D:/Development Kit/Epic Games/4.13/Engine/Plugins/Experimental/Phya/Phya.uplugin
LogPluginManager: Loaded Plugin SignificanceManager, From D:/Development Kit/Epic Games/4.13/Engine/Plugins/Experimental/SignificanceManager/SignificanceManager.uplugin
LogPluginManager: Loaded Plugin SimpleHMD, From D:/Development Kit/Epic Games/4.13/Engine/Plugins/Experimental/SimpleHMD/SimpleHMD.uplugin
LogPluginManager: Loaded Plugin StereoPanorama, From D:/Development Kit/Epic Games/4.13/Engine/Plugins/Experimental/StereoPanorama/StereoPanorama.uplugin
LogPluginManager: Loaded Plugin StructBox, From D:/Development Kit/Epic Games/4.13/Engine/Plugins/Experimental/StructBox/StructBox.uplugin
LogPluginManager: Loaded Plugin RunebergVRPlugin, From D:/Development Kit/Epic Games/4.13/Engine/Plugins/Marketplace/RunebergVRPlugin/RunebergVRPlugin.uplugin
LogPluginManager: Loaded Plugin AndroidMedia, From D:/Development Kit/Epic Games/4.13/Engine/Plugins/Media/AndroidMedia/AndroidMedia.uplugin
LogPluginManager: Loaded Plugin AvfMedia, From D:/Development Kit/Epic Games/4.13/Engine/Plugins/Media/AvfMedia/AvfMedia.uplugin
LogPluginManager: Loaded Plugin MediaPlayerEditor, From D:/Development Kit/Epic Games/4.13/Engine/Plugins/Media/MediaPlayerEditor/MediaPlayerEditor.uplugin
LogPluginManager: Loaded Plugin WmfMedia, From D:/Development Kit/Epic Games/4.13/Engine/Plugins/Media/WmfMedia/WmfMedia.uplugin
LogPluginManager: Loaded Plugin MessagingDebugger, From D:/Development Kit/Epic Games/4.13/Engine/Plugins/Messaging/MessagingDebugger/MessagingDebugger.uplugin
LogPluginManager: Loaded Plugin TcpMessaging, From D:/Development Kit/Epic Games/4.13/Engine/Plugins/Messaging/TcpMessaging/TcpMessaging.uplugin
LogPluginManager: Loaded Plugin UdpMessaging, From D:/Development Kit/Epic Games/4.13/Engine/Plugins/Messaging/UdpMessaging/UdpMessaging.uplugin
LogPluginManager: Loaded Plugin LevelSequenceEditor, From D:/Development Kit/Epic Games/4.13/Engine/Plugins/MovieScene/LevelSequenceEditor/LevelSequenceEditor.uplugin
LogPluginManager: Loaded Plugin MatineeToLevelSequence, From D:/Development Kit/Epic Games/4.13/Engine/Plugins/MovieScene/MatineeToLevelSequence/MatineeToLevelSequence.uplugin
LogPluginManager: Loaded Plugin NetcodeUnitTest, From D:/Development Kit/Epic Games/4.13/Engine/Plugins/NetcodeUnitTest/NetcodeUnitTest/NetcodeUnitTest.uplugin
LogPluginManager: Loaded Plugin NUTUnrealEngine4, From D:/Development Kit/Epic Games/4.13/Engine/Plugins/NetcodeUnitTest/NUTUnrealEngine4/NUTUnrealEngine4.uplugin
LogPluginManager: Loaded Plugin OnlineSubsystemGooglePlay, From D:/Development Kit/Epic Games/4.13/Engine/Plugins/Online/Android/OnlineSubsystemGooglePlay/OnlineSubsystemGooglePlay.uplugin
LogPluginManager: Loaded Plugin OnlineSubsystemIOS, From D:/Development Kit/Epic Games/4.13/Engine/Plugins/Online/IOS/OnlineSubsystemIOS/OnlineSubsystemIOS.uplugin
LogPluginManager: Loaded Plugin OnlineFramework, From D:/Development Kit/Epic Games/4.13/Engine/Plugins/Online/OnlineFramework/OnlineFramework.uplugin
LogPluginManager: Loaded Plugin OnlineSubsystem, From D:/Development Kit/Epic Games/4.13/Engine/Plugins/Online/OnlineSubsystem/OnlineSubsystem.uplugin
LogPluginManager: Loaded Plugin OnlineSubsystemAmazon, From D:/Development Kit/Epic Games/4.13/Engine/Plugins/Online/OnlineSubsystemAmazon/OnlineSubsystemAmazon.uplugin
LogPluginManager: Loaded Plugin OnlineSubsystemFacebook, From D:/Development Kit/Epic Games/4.13/Engine/Plugins/Online/OnlineSubsystemFacebook/OnlineSubsystemFacebook.uplugin
LogPluginManager: Loaded Plugin OnlineSubsystemNull, From D:/Development Kit/Epic Games/4.13/Engine/Plugins/Online/OnlineSubsystemNull/OnlineSubsystemNull.uplugin
LogPluginManager: Loaded Plugin OnlineSubsystemOculus, From D:/Development Kit/Epic Games/4.13/Engine/Plugins/Online/OnlineSubsystemOculus/OnlineSubsystemOculus.uplugin
LogPluginManager: Loaded Plugin OnlineSubsystemSteam, From D:/Development Kit/Epic Games/4.13/Engine/Plugins/Online/OnlineSubsystemSteam/OnlineSubsystemSteam.uplugin
LogPluginManager: Loaded Plugin OnlineSubsystemUtils, From D:/Development Kit/Epic Games/4.13/Engine/Plugins/Online/OnlineSubsystemUtils/OnlineSubsystemUtils.uplugin
LogPluginManager: Loaded Plugin IOSTapJoy, From D:/Development Kit/Epic Games/4.13/Engine/Plugins/Runtime/Advertising/IOSTapJoy/IOSTapJoy.uplugin
LogPluginManager: Loaded Plugin AnalyticsBlueprintLibrary, From D:/Development Kit/Epic Games/4.13/Engine/Plugins/Runtime/Analytics/AnalyticsBlueprintLibrary/AnalyticsBlueprintLibrary.uplugin
LogPluginManager: Loaded Plugin AnalyticsMulticast, From D:/Development Kit/Epic Games/4.13/Engine/Plugins/Runtime/Analytics/AnalyticsMulticast/AnalyticsMulticast.uplugin
LogPluginManager: Loaded Plugin Apsalar, From D:/Development Kit/Epic Games/4.13/Engine/Plugins/Runtime/Analytics/Apsalar/Apsalar.uplugin
LogPluginManager: Loaded Plugin FileLogging, From D:/Development Kit/Epic Games/4.13/Engine/Plugins/Runtime/Analytics/FileLogging/FileLogging.uplugin
LogPluginManager: Loaded Plugin Flurry, From D:/Development Kit/Epic Games/4.13/Engine/Plugins/Runtime/Analytics/Flurry/Flurry.uplugin
LogPluginManager: Loaded Plugin AndroidDeviceProfileSelector, From D:/Development Kit/Epic Games/4.13/Engine/Plugins/Runtime/AndroidDeviceProfileSelector/AndroidDeviceProfileSelector.uplugin
LogPluginManager: Loaded Plugin AndroidMoviePlayer, From D:/Development Kit/Epic Games/4.13/Engine/Plugins/Runtime/AndroidMoviePlayer/AndroidMoviePlayer.uplugin
LogPluginManager: Loaded Plugin AppleMoviePlayer, From D:/Development Kit/Epic Games/4.13/Engine/Plugins/Runtime/AppleMoviePlayer/AppleMoviePlayer.uplugin
LogPluginManager: Loaded Plugin ArchVisCharacter, From D:/Development Kit/Epic Games/4.13/Engine/Plugins/Runtime/ArchVisCharacter/ArchVisCharacter.uplugin
LogPluginManager: Loaded Plugin CableComponent, From D:/Development Kit/Epic Games/4.13/Engine/Plugins/Runtime/CableComponent/CableComponent.uplugin
LogPluginManager: Loaded Plugin CustomMeshComponent, From D:/Development Kit/Epic Games/4.13/Engine/Plugins/Runtime/CustomMeshComponent/CustomMeshComponent.uplugin
LogPluginManager: Loaded Plugin ExampleDeviceProfileSelector, From D:/Development Kit/Epic Games/4.13/Engine/Plugins/Runtime/ExampleDeviceProfileSelector/ExampleDeviceProfileSelector.uplugin
LogPluginManager: Loaded Plugin GearVR, From D:/Development Kit/Epic Games/4.13/Engine/Plugins/Runtime/GearVR/GearVR.uplugin
LogPluginManager: Loaded Plugin GoogleVRController, From D:/Development Kit/Epic Games/4.13/Engine/Plugins/Runtime/GoogleVR/GoogleVRController/GoogleVRController.uplugin
LogPluginManager: Loaded Plugin GoogleVRHMD, From D:/Development Kit/Epic Games/4.13/Engine/Plugins/Runtime/GoogleVR/GoogleVRHMD/GoogleVRHMD.uplugin
LogPluginManager: Loaded Plugin IOSDeviceProfileSelector, From D:/Development Kit/Epic Games/4.13/Engine/Plugins/Runtime/IOSDeviceProfileSelector/IOSDeviceProfileSelector.uplugin
LogPluginManager: Loaded Plugin LeapMotion, From D:/Development Kit/Epic Games/4.13/Engine/Plugins/Runtime/LeapMotion/LeapMotion.uplugin
LogPluginManager: Loaded Plugin LinuxDeviceProfileSelector, From D:/Development Kit/Epic Games/4.13/Engine/Plugins/Runtime/LinuxDeviceProfileSelector/LinuxDeviceProfileSelector.uplugin
LogPluginManager: Loaded Plugin LiveEditorListenServer, From D:/Development Kit/Epic Games/4.13/Engine/Plugins/Runtime/LiveEditorListenServer/LiveEditorListenServer.uplugin
LogPluginManager: Loaded Plugin OculusAudio, From D:/Development Kit/Epic Games/4.13/Engine/Plugins/Runtime/OculusAudio/OculusAudio.uplugin
LogPluginManager: Loaded Plugin OculusInput, From D:/Development Kit/Epic Games/4.13/Engine/Plugins/Runtime/OculusInput/OculusInput.uplugin
LogPluginManager: Loaded Plugin OculusLibrary, From D:/Development Kit/Epic Games/4.13/Engine/Plugins/Runtime/OculusLibrary/OculusLibrary.uplugin
LogPluginManager: Loaded Plugin OculusRift, From D:/Development Kit/Epic Games/4.13/Engine/Plugins/Runtime/OculusRift/OculusRift.uplugin
LogPluginManager: Loaded Plugin Oodle, From D:/Development Kit/Epic Games/4.13/Engine/Plugins/Runtime/PacketHandlers/CompressionComponents/Oodle/Oodle.uplugin
LogPluginManager: Loaded Plugin ProceduralMeshComponent, From D:/Development Kit/Epic Games/4.13/Engine/Plugins/Runtime/ProceduralMeshComponent/ProceduralMeshComponent.uplugin
LogPluginManager: Loaded Plugin SoundMod, From D:/Development Kit/Epic Games/4.13/Engine/Plugins/Runtime/SoundMod/SoundMod.uplugin
LogPluginManager: Loaded Plugin SoundVisualizations, From D:/Development Kit/Epic Games/4.13/Engine/Plugins/Runtime/SoundVisualizations/SoundVisualizations.uplugin
LogPluginManager: Loaded Plugin SteamController, From D:/Development Kit/Epic Games/4.13/Engine/Plugins/Runtime/Steam/SteamController/SteamController.uplugin
LogPluginManager: Loaded Plugin SteamVR, From D:/Development Kit/Epic Games/4.13/Engine/Plugins/Runtime/Steam/SteamVR/SteamVR.uplugin
LogPluginManager: Loaded Plugin WebBrowserWidget, From D:/Development Kit/Epic Games/4.13/Engine/Plugins/Runtime/WebBrowserWidget/WebBrowserWidget.uplugin
LogPluginManager: Loaded Plugin WindowsDeviceProfileSelector, From D:/Development Kit/Epic Games/4.13/Engine/Plugins/Runtime/WindowsDeviceProfileSelector/WindowsDeviceProfileSelector.uplugin
LogPluginManager: Loaded Plugin WindowsMoviePlayer, From D:/Development Kit/Epic Games/4.13/Engine/Plugins/Runtime/WindowsMoviePlayer/WindowsMoviePlayer.uplugin
LogPluginManager: Loaded Plugin ScriptPlugin, From D:/Development Kit/Epic Games/4.13/Engine/Plugins/ScriptPlugin/ScriptPlugin.uplugin
LogPluginManager: Loaded Plugin SlateRemote, From D:/Development Kit/Epic Games/4.13/Engine/Plugins/Slate/SlateRemote/SlateRemote.uplugin
LogInit: Using libcurl 7.47.1
LogInit:  - built for x86_64-pc-win32
LogInit:  - supports SSL with WinSSL
LogInit:  - other features:
LogInit:      CURL_VERSION_SSL
LogInit:      CURL_VERSION_IPV6
LogInit:      CURL_VERSION_ASYNCHDNS
LogInit:      CURL_VERSION_LARGEFILE
LogInit:      CURL_VERSION_IDN
LogInit:  CurlRequestOptions (configurable via config and command line):
LogInit:  - bVerifyPeer = false  - Libcurl will NOT verify peer certificate
LogInit:  - bUseHttpProxy = false  - Libcurl will NOT use HTTP proxy
LogInit:  - bDontReuseConnections = false  - Libcurl will reuse connections
LogInit:  - CertBundlePath = nullptr  - Libcurl will use whatever was configured at build time.
LogInit: Build: ++UE4+Release-4.13-CL-3142249
LogInit: Engine Version: 4.13.1-3142249+++UE4+Release-4.13
LogInit: Compatible Engine Version: 4.13.0-3106830+++UE4+Release-4.13
LogInit: Net CL: 3142249
LogDevObjectVersion: Number of dev versions registered: 13
LogDevObjectVersion:   Dev-Blueprints (B0D832E4-1F89-4F0D-ACCF-7EB736FD4AA2): 5
LogDevObjectVersion:   Dev-Build (E1C64328-A22C-4D53-A36C-8E866417BD8C): 0
LogDevObjectVersion:   Dev-Core (375EC13C-06E4-48FB-B500-84F0262A717E): 1
LogDevObjectVersion:   Dev-Editor (E4B068ED-F494-42E9-A231-DA0B2E46BB41): 6
LogDevObjectVersion:   Dev-Framework (CFFC743F-43B0-4480-9391-14DF171D2073): 12
LogDevObjectVersion:   Dev-Mobile (B02B49B5-BB20-44E9-A304-32B752E40360): 0
LogDevObjectVersion:   Dev-Networking (A4E4105C-59A1-49B5-A7C5-40C4547EDFEE): 0
LogDevObjectVersion:   Dev-Online (39C831C9-5AE6-47DC-9A44-9C173E1C8E7C): 0
LogDevObjectVersion:   Dev-Physics (78F01B33-EBEA-4F98-B9B4-84EACCB95AA2): 0
LogDevObjectVersion:   Dev-Platform (6631380F-2D4D-43E0-8009-CF276956A95A): 0
LogDevObjectVersion:   Dev-Rendering (12F88B9F-8875-4AFC-A67C-D90C383ABD29): 4
LogDevObjectVersion:   Dev-Sequencer (7B5AE74C-D270-4C10-A958-57980B212A5A): 0
LogDevObjectVersion:   Dev-VR (D7296918-1DD6-4BDD-9DE2-64A83CC13884): 0
LogInit: Compiled (64-bit): Sep 28 2016 02:12:12
LogInit: Compiled with Visual C++: 19.00.23026.00
LogInit: Build Configuration: Development
LogInit: Branch Name: ++UE4+Release-4.13
LogInit: Command line:  
LogInit: Base directory: D:/Development Kit/Epic Games/4.13/Engine/Binaries/Win64/
LogInit: Installed Engine Build: 1
LogInit: Presizing for max 8388607 objects, including 0 objects not considered by GC, pre-allocating 0 bytes for permanent pool.
LogInit: Object subsystem initialized
[2016.10.23-13.22.55:903][  0]LogInit: Selected Device Profile: [Windows]
[2016.10.23-13.22.55:903][  0]LogInit: Applying CVar settings loaded from the selected device profile: [Windows]
[2016.10.23-13.22.55:915][  0]LogInit: Computer: NARAMPC
[2016.10.23-13.22.55:915][  0]LogInit: User: sylve
[2016.10.23-13.22.55:915][  0]LogInit: CPU Page size=65536, Cores=4
[2016.10.23-13.22.55:915][  0]LogInit: High frequency timer resolution =3.312645 MHz
[2016.10.23-13.22.55:915][  0]LogMemory: Memory total: Physical=7.9GB (8GB approx)
[2016.10.23-13.22.55:915][  0]LogMemory: Platform Memory Stats for Windows
[2016.10.23-13.22.55:915][  0]LogMemory: Process Physical Memory: 256.07 MB used, 256.07 MB peak
[2016.10.23-13.22.55:915][  0]LogMemory: Process Virtual Memory: 259.93 MB used, 259.93 MB peak
[2016.10.23-13.22.55:915][  0]LogMemory: Physical Memory: 3778.64 MB used, 8130.24 MB total
[2016.10.23-13.22.55:915][  0]LogMemory: Virtual Memory: 622.02 MB used, 134217728.00 MB total
[2016.10.23-13.22.55:946][  0]LogTextLocalizationManager: No specific translations for ('ko-KR') exist, so ('ko') translations will be used.
[2016.10.23-13.22.55:977][  0]LogTextLocalizationManager:Warning: Loaded localization resources contain conflicting entries for (Namespace:UObjectToolTips, Key:AnimNode_AssetPlayerBase:bIgnoreForRelevancyTest):
Localization Resource: (D:/Development Kit/Epic Games/4.13/Engine/Content/Localization/EditorTutorials/ko/EditorTutorials.locres) Source String Hash: (319969718) Localized String: (True 면, 스테이트에서 최고 가중치 애니메이션을 찾는 "Relevant anim" 노드는 이 노드를 
무시합니다.)
Localization Resource: (D:/Development Kit/Epic Games/4.13/Engine/Content/Localization/Engine/ko/Engine.locres) Source String Hash: (319969718) Localized String: (True 면 스테이트 내 최고 웨이팅된 애니메이션을 찾는 "Relevant anim" 노드가 무시됩니다.
 )
[2016.10.23-13.22.55:977][  0]LogTextLocalizationManager:Warning: Loaded localization resources contain conflicting entries for (Namespace:UObjectToolTips, Key:AnimNode_AssetPlayerBase:BlendWeight):
Localization Resource: (D:/Development Kit/Epic Games/4.13/Engine/Content/Localization/EditorTutorials/ko/EditorTutorials.locres) Source String Hash: (-1232800293) Localized String: (이 노드에 마지막 걸린 블렌드웨이트 입니다.)
Localization Resource: (D:/Development Kit/Epic Games/4.13/Engine/Content/Localization/Engine/ko/Engine.locres) Source String Hash: (-1232800293) Localized String: (이 노드에 대해 마지막 접한 블렌드 웨이트)
[2016.10.23-13.22.56:355][  0]LogD3D11RHI: D3D11 adapters:
[2016.10.23-13.22.56:374][  0]LogD3D11RHI:    0. 'NVIDIA GeForce GTX 660' (Feature Level 11_0)
[2016.10.23-13.22.56:374][  0]LogD3D11RHI:       2016/0/4065 MB DedicatedVideo/DedicatedSystem/SharedSystem, Outputs:1, VendorId:0x10de
[2016.10.23-13.22.56:375][  0]LogD3D11RHI:    1. 'Microsoft Basic Render Driver' (Feature Level 11_0)
[2016.10.23-13.22.56:375][  0]LogD3D11RHI:       0/0/4065 MB DedicatedVideo/DedicatedSystem/SharedSystem, Outputs:0, VendorId:0x1414
[2016.10.23-13.22.56:375][  0]LogD3D11RHI: Chosen D3D11 Adapter: 0
[2016.10.23-13.22.56:379][  0]LogD3D11RHI: Creating new Direct3DDevice
[2016.10.23-13.22.56:379][  0]LogD3D11RHI:     GPU DeviceId: 0x11c0 (for the marketing name, search the web for "GPU Device Id")
[2016.10.23-13.22.56:379][  0]LogWindows: EnumDisplayDevices:
[2016.10.23-13.22.56:379][  0]LogWindows:    0. 'NVIDIA GeForce GTX 660' (P:1 D:1)
[2016.10.23-13.22.56:379][  0]LogWindows:    1. 'NVIDIA GeForce GTX 660' (P:0 D:0)
[2016.10.23-13.22.56:380][  0]LogWindows:    2. 'NVIDIA GeForce GTX 660' (P:0 D:0)
[2016.10.23-13.22.56:380][  0]LogWindows:    3. 'NVIDIA GeForce GTX 660' (P:0 D:0)
[2016.10.23-13.22.56:380][  0]LogWindows: DebugString: FoundDriverCount:4 
[2016.10.23-13.22.56:380][  0]LogD3D11RHI:     Adapter Name: NVIDIA GeForce GTX 660
[2016.10.23-13.22.56:380][  0]LogD3D11RHI:   Driver Version: 369.09 (internal:21.21.13.6909, unified:369.09)
[2016.10.23-13.22.56:380][  0]LogD3D11RHI:      Driver Date: 8-1-2016
[2016.10.23-13.22.56:380][  0]LogRHI: Texture pool is 1361 MB (70% of 1945 MB)
[2016.10.23-13.22.56:391][  0]LogD3D11RHI: Async texture creation enabled
[2016.10.23-13.22.56:408][  0]LogD3D11RHI: GPU Timing Frequency: 1000.000000 (Debug: 2 2)
[2016.10.23-13.22.56:408][  0]LogShaderCompilers: Guid format shader working directory is -55 characters bigger than the processId version (../../../../../../sylve/Documents/WorkSpace/Unreal Projects/Disaster/Graduate_work/Team_disaster_map_1/Intermediate/Shaders/WorkingDirectory/168/).
[2016.10.23-13.22.56:409][  0]LogShaderCompilers: Cleaned the shader compiler working directory 'C:/Users/sylve/AppData/Local/Temp/UnrealShaderWorkingDir/5B47470D40B29B5E7C1A70A2916C9927/'.
[2016.10.23-13.22.56:409][  0]LogShaderCompilers:Display: Using Local Shader Compiler.
[2016.10.23-13.22.57:315][  0]LogTemp:Display: Loaded TP AllDesktopTargetPlatform
[2016.10.23-13.22.57:321][  0]LogTemp:Display: Loaded TP WindowsClientTargetPlatform
[2016.10.23-13.22.57:328][  0]LogTemp:Display: Loaded TP WindowsNoEditorTargetPlatform
[2016.10.23-13.22.57:335][  0]LogTemp:Display: Loaded TP WindowsServerTargetPlatform
[2016.10.23-13.22.57:342][  0]LogTemp:Display: Loaded TP WindowsTargetPlatform
[2016.10.23-13.22.57:348][  0]LogTemp:Display: Loaded TP AndroidTargetPlatform
[2016.10.23-13.22.57:354][  0]LogTemp:Display: Loaded TP Android_ASTCTargetPlatform
[2016.10.23-13.22.57:360][  0]LogTemp:Display: Loaded TP Android_ATCTargetPlatform
[2016.10.23-13.22.57:366][  0]LogTemp:Display: Loaded TP Android_DXTTargetPlatform
[2016.10.23-13.22.57:372][  0]LogTemp:Display: Loaded TP Android_ETC1TargetPlatform
[2016.10.23-13.22.57:379][  0]LogTemp:Display: Loaded TP Android_ETC2TargetPlatform
[2016.10.23-13.22.57:391][  0]LogTemp:Display: Loaded TP Android_MultiTargetPlatform
[2016.10.23-13.22.57:391][  0]LogTemp:Display: Loaded TP Android_PVRTCTargetPlatform
[2016.10.23-13.22.57:392][  0]LogTemp:Display: Loaded TP HTML5TargetPlatform
[2016.10.23-13.22.57:411][  0]LogTemp:Display: Loaded TP IOSTargetPlatform
[2016.10.23-13.22.57:416][  0]LogTemp:Display: Loaded TP TVOSTargetPlatform
[2016.10.23-13.22.57:422][  0]LogTemp:Display: Loaded TP LinuxClientTargetPlatform
[2016.10.23-13.22.57:429][  0]LogTemp:Display: Loaded TP LinuxNoEditorTargetPlatform
[2016.10.23-13.22.57:434][  0]LogTemp:Display: Loaded TP LinuxServerTargetPlatform
[2016.10.23-13.22.57:441][  0]LogTemp:Display: Loaded TP LinuxTargetPlatform
[2016.10.23-13.22.57:441][  0]LogTargetPlatformManager:Display: Building Assets For Windows
[2016.10.23-13.22.57:510][  0]LogDerivedDataCache:Display: Max Cache Size: 512 MB
[2016.10.23-13.22.57:566][  0]LogDerivedDataCache: Loaded boot cache 0.06s 62MB C:/Users/sylve/AppData/Local/UnrealEngine/4.13/DerivedDataCache/Boot.ddc.
[2016.10.23-13.22.57:566][  0]LogDerivedDataCache:Display: Loaded Boot cache: C:/Users/sylve/AppData/Local/UnrealEngine/4.13/DerivedDataCache/Boot.ddc
[2016.10.23-13.22.57:567][  0]LogDerivedDataCache: FDerivedDataBackendGraph:  Pak pak cache file ../../../../../../sylve/Documents/WorkSpace/Unreal Projects/Disaster/Graduate_work/Team_disaster_map_1/DerivedDataCache/DDC.ddp not found, will not use a pak cache.
[2016.10.23-13.22.57:567][  0]LogDerivedDataCache: Unable to find inner node Pak for hierarchical cache Hierarchy.
[2016.10.23-13.22.57:567][  0]LogDerivedDataCache: FDerivedDataBackendGraph:  CompressedPak pak cache file ../../../../../../sylve/Documents/WorkSpace/Unreal Projects/Disaster/Graduate_work/Team_disaster_map_1/DerivedDataCache/Compressed.ddp not found, will not use a pak cache.
[2016.10.23-13.22.57:567][  0]LogDerivedDataCache: Unable to find inner node CompressedPak for hierarchical cache Hierarchy.
[2016.10.23-13.22.57:582][  0]LogDerivedDataCache:Display: Pak cache opened for reading ../../../Engine/DerivedDataCache/Compressed.ddp.
[2016.10.23-13.22.57:594][  0]LogDerivedDataCache: Using Local data cache path C:/Users/sylve/AppData/Local/UnrealEngine/Common/DerivedDataCache: Writable
[2016.10.23-13.22.57:786][  0]LogInit: Selected Device Profile: [Windows]
[2016.10.23-13.22.57:789][  0]LogContentStreaming: Texture pool size is 0.00 MB
[2016.10.23-13.22.57:893][  0]LogMeshUtilities: No automatic mesh reduction module available
[2016.10.23-13.22.57:893][  0]LogMeshUtilities: No automatic mesh merging module available
[2016.10.23-13.22.57:893][  0]LogMeshUtilities: No distributed automatic mesh merging module available
[2016.10.23-13.22.57:960][  0]LogMaterial: Uniform references updated for custom material expression Custom.
[2016.10.23-13.22.58:232][  0]LogNetVersion: GetLocalNetworkVersion: CL: 3106830, ProjectName: team_disaster_map_1, ProjectVersion: , EngineNetworkVersion: 1, GameNetworkVersion: 0, NetworkChecksum: 1436266938
[2016.10.23-13.22.58:270][  0]LogAssetRegistry: FAssetRegistry took 0.0223 seconds to start up
[2016.10.23-13.22.58:272][  0]LogDirectoryWatcher:Warning: Failed to begin reading directory changes for ../../../Engine/Plugins/Marketplace/RunebergVRPlugin/Content/. Error: 지정된 파일을 찾을 수 없습니다. (0x00000002)
[2016.10.23-13.22.58:319][  0]LogPackageLocalizationCache: Processed 4 localized package path(s) for 2 prioritized culture(s) in 0.047327 seconds
[2016.10.23-13.22.58:324][  0]LogUObjectArray: 29778 objects as part of root set at end of initial load.
[2016.10.23-13.22.58:324][  0]LogUObjectAllocator: 6125456 out of 0 bytes used by permanent object pool.
[2016.10.23-13.22.58:324][  0]LogUObjectArray: CloseDisregardForGC: 0/0 objects in disregard for GC pool
[2016.10.23-13.22.58:329][  0]LogInit: WinSock: version 1.1 (2.2), MaxSocks=32767, MaxUdp=65467
[2016.10.23-13.22.58:493][  0]LogSlate: SlateFontCache - WITH_FREETYPE: 1, WITH_HARFBUZZ: 1
[2016.10.23-13.22.58:493][  0]LogSlate: SlateFontCache - WITH_FREETYPE: 1, WITH_HARFBUZZ: 1
[2016.10.23-13.22.59:174][  0]LogTcpMessaging: Initializing TcpMessaging bridge
[2016.10.23-13.22.59:195][  0]LogUdpMessaging: Initializing bridge on interface 0.0.0.0:0 to multicast group 230.0.0.1:6666.
[2016.10.23-13.22.59:462][  0]SourceControl: 정보 소스 콘트롤이 꺼졌습니다.
[2016.10.23-13.22.59:507][  0]SourceControl: 정보 소스 콘트롤이 꺼졌습니다.
[2016.10.23-13.22.59:516][  0]SourceControl: 정보 소스 콘트롤이 꺼졌습니다.
[2016.10.23-13.22.59:525][  0]SourceControl: 정보 소스 콘트롤이 꺼졌습니다.
[2016.10.23-13.22.59:597][  0]LogLinker:Warning: '/Game/ThirdPersonBP/ThirdPersonOverview' 파일을 찾을 수 없습니다.
[2016.10.23-13.22.59:597][  0]LogLinker:Warning: '/Game/ThirdPersonBP/ThirdPersonOverview' 파일을 찾을 수 없습니다.
[2016.10.23-13.22.59:597][  0]LogUObjectGlobals:Warning: 'Class /Game/ThirdPersonBP/ThirdPersonOverview.ThirdPersonOverview_C' 오브젝트를 찾는 데 실패했습니다.
[2016.10.23-13.22.59:817][  0]LogEngine: Initializing Engine...
[2016.10.23-13.22.59:818][  0]LogHMD: Failed to initialize OpenVR with code 110
[2016.10.23-13.22.59:939][  0]LogAIModule: Creating AISystem for world Untitled
[2016.10.23-13.22.59:956][  0]LogInit: XAudio2 using '스피커(Realtek High Definition Audio)' : 2 channels at 48 kHz using 32 bits per sample (channel mask 0x3)
[2016.10.23-13.22.59:985][  0]LogInit: FAudioDevice initialized.
[2016.10.23-13.23.00:015][  0]LogDerivedDataCache: Saved boot cache 0.03s 62MB C:/Users/sylve/AppData/Local/UnrealEngine/4.13/DerivedDataCache/Boot.ddc.
[2016.10.23-13.23.00:021][  0]LogInit: Texture streaming: Enabled
[2016.10.23-13.23.00:041][  0]LogInit: Transaction tracking system initialized
[2016.10.23-13.23.00:057][  0]BlueprintLog: New page: 에디터 로드
[2016.10.23-13.23.00:112][  0]LocalizationService: 정보 현지화 서비스가 비활성화되었습니다.
[2016.10.23-13.23.00:182][  0]LogConsoleResponse:Display: 
[2016.10.23-13.23.00:275][  0]LogCook:Display: Max memory allowance for cook 16384mb min free memory 0mb
[2016.10.23-13.23.00:275][  0]LogCook:Display: Mobile HDR setting 1
[2016.10.23-13.23.00:428][  0]LogFileCache: Scanning file cache for directory 'D:/sylve/Documents/WorkSpace/Unreal Projects/Disaster/Graduate_work/Team_disaster_map_1/Content/' took 0.01s
[2016.10.23-13.23.00:428][  0]SourceControl: 정보 소스 콘트롤이 꺼졌습니다.
[2016.10.23-13.23.00:428][  0]LightingResults: New page: 라이팅 빌드
[2016.10.23-13.23.00:430][  0]MapCheck: New page: 맵 체크
[2016.10.23-13.23.00:430][  0]LightingResults: New page: 라이팅 빌드
[2016.10.23-13.23.00:795][  0]LogAIModule: Creating AISystem for world Map_prolloge
[2016.10.23-13.23.00:811][  0]LogEditorServer: Finished looking for orphan Actors (0.000 secs)
[2016.10.23-13.23.00:811][  0]Cmd: MAP CHECKDEP NOCLEARLOG
[2016.10.23-13.23.00:865][  0]MapCheck: 정보 맵 체크 완료: 오류 0 회, 경고 0 회, 소요 시간 53.211ms.
[2016.10.23-13.23.00:865][  0]LogFileHelpers: Loading map 'Map_prolloge' took 0.437
[2016.10.23-13.23.00:993][  0]LogCollectionManager: Loaded 0 collections in 0.001342 seconds
[2016.10.23-13.23.01:034][  0]LogFileCache: Scanning file cache for directory 'D:/sylve/Documents/WorkSpace/Unreal Projects/Disaster/Graduate_work/Team_disaster_map_1/Saved/Collections/' took 0.01s
[2016.10.23-13.23.01:034][  0]LogFileCache: Scanning file cache for directory 'D:/sylve/Documents/WorkSpace/Unreal Projects/Disaster/Graduate_work/Team_disaster_map_1/Content/Developers/sylve/Collections/' took 0.01s
[2016.10.23-13.23.01:034][  0]LogFileCache: Scanning file cache for directory 'D:/sylve/Documents/WorkSpace/Unreal Projects/Disaster/Graduate_work/Team_disaster_map_1/Content/Collections/' took 0.01s
[2016.10.23-13.23.01:034][  0]LogCollectionManager: Rebuilt the GUID cache for 0 collections in 0.000002 seconds
[2016.10.23-13.23.01:042][  0]LogContentBrowser: Native class hierarchy populated in 0.0077 seconds. Added 2144 classes and 418 folders.
[2016.10.23-13.23.01:045][  0]LogStats: UGameplayTagsManager::ConstructGameplayTagTree: Construct from data asset -  0.000 s
[2016.10.23-13.23.01:045][  0]LogStats: UGameplayTagsManager::ConstructGameplayTagTree: GameplayTagTreeChangedEvent.Broadcast -  0.000 s
[2016.10.23-13.23.01:046][  0]LogContentBrowser: Native class hierarchy updated for 'GameplayTags' in 0.0006 seconds. Added 12 classes and 0 folders.
[2016.10.23-13.23.01:050][  0]LogContentBrowser: Native class hierarchy updated for 'WidgetCarousel' in 0.0005 seconds. Added 0 classes and 0 folders.
[2016.10.23-13.23.01:102][  0]LogContentBrowser: Native class hierarchy updated for 'AddContentDialog' in 0.0006 seconds. Added 0 classes and 0 folders.
[2016.10.23-13.23.01:106][  0]LogContentBrowser: Native class hierarchy updated for 'SceneOutliner' in 0.0005 seconds. Added 1 classes and 2 folders.
[2016.10.23-13.23.01:151][  0]LogCrashTracker: Crashtracker disabled due to settings.
[2016.10.23-13.23.01:169][  0]LogUObjectGlobals:Warning: 'Class 없음.' 오브젝트를 찾는 데 실패했습니다.
[2016.10.23-13.23.01:195][  0]LogContentBrowser: Native class hierarchy updated for 'HierarchicalLODOutliner' in 0.0006 seconds. Added 1 classes and 2 folders.
[2016.10.23-13.23.01:196][  0]LogLoad: (Engine Initialization) Total time: 6.22 seconds
[2016.10.23-13.23.01:196][  0]LogLoad: (Engine Initialization) Total Blueprint compile time: 0.04 seconds
[2016.10.23-13.23.01:196][  0]LogExternalProfiler: Found external profiler: VSPerf
[2016.10.23-13.23.01:196][  0]LogExternalProfiler: Using external profiler: VSPerf
[2016.10.23-13.23.01:216][  0]LogWindowsTextInputMethodSystem:Display: IME system now activated using TSF (Microsoft 입력기).
[2016.10.23-13.23.01:219][  0]LogOcInput: OculusInput pre-init called
[2016.10.23-13.23.01:240][  0]LogContentStreaming: Texture pool size now 1000 MB
[2016.10.23-13.23.01:391][  0]LogRenderer: Reallocating scene render targets to support 1208x584 (Frame:2).
[2016.10.23-13.23.01:460][  1]LogAssetRegistry: Asset discovery search completed in 3.2126 seconds
[2016.10.23-13.23.01:460][  1]LogCollectionManager: Rebuilt the object cache for 0 collections in 0.000001 seconds (found 0 objects)
[2016.10.23-13.23.01:460][  1]LogCollectionManager: Fixed up redirectors for 0 collections in 0.000037 seconds (updated 0 objects)
[2016.10.23-13.23.24:578][724]LogContentBrowser: Native class hierarchy updated for 'BlueprintGraph' in 0.0017 seconds. Added 112 classes and 0 folders.
[2016.10.23-13.24.47:164][ 58]LogMetaData: Removing '/Game/MyContent/Blueprints/Tutorial.Tutorial:UserConstructionScript.K2Node_FunctionEntry_0' ref from Metadata '/Game/MyContent/Blueprints/Tuorial.PackageMetaData'
[2016.10.23-13.24.47:164][ 58]LogMetaData: Removing '/Game/MyContent/Blueprints/Tutorial.SKEL_Tutorial_C' ref from Metadata '/Game/MyContent/Blueprints/Tuorial.PackageMetaData'
[2016.10.23-13.24.47:164][ 58]LogMetaData: Removing '/Game/MyContent/Blueprints/Tutorial.Tutorial_C' ref from Metadata '/Game/MyContent/Blueprints/Tuorial.PackageMetaData'
[2016.10.23-13.24.47:165][ 58]LogMetaData: Removing '/Game/MyContent/Blueprints/Tutorial.Tutorial:EventGraph.K2Node_Event_0' ref from Metadata '/Game/MyContent/Blueprints/Tuorial.PackageMetaData'
[2016.10.23-13.24.47:165][ 58]LogMetaData: Removing '/Game/MyContent/Blueprints/Tutorial.Tutorial:EventGraph.K2Node_Event_1' ref from Metadata '/Game/MyContent/Blueprints/Tuorial.PackageMetaData'
[2016.10.23-13.24.47:204][ 58]LogSavePackage: Save=23.05ms
[2016.10.23-13.24.47:204][ 58]LogSavePackage: Moving '../../../../../../sylve/Documents/WorkSpace/Unreal Projects/Disaster/Graduate_work/Team_disaster_map_1/Saved/TutorialFA5307D1417E257AAFE60DB320F0F4F7.tmp' to '../../../../../../sylve/Documents/WorkSpace/Unreal Projects/Disaster/Graduate_work/Team_disaster_map_1/Content/MyContent/Blueprints/Tutorial.uasset'
[2016.10.23-13.24.47:209][ 58]LogSavePackage:Display: Finished SavePackage ../../../../../../sylve/Documents/WorkSpace/Unreal Projects/Disaster/Graduate_work/Team_disaster_map_1/Content/MyContent/Blueprints/Tutorial.uasset
[2016.10.23-13.25.14:141][935]LogMetaData: Removing '/Game/MyContent/Blueprints/Tutorial_Gamemode.Tutorial_Gamemode_C' ref from Metadata '/Game/MyContent/Blueprints/Tutorial.PackageMetaData'
[2016.10.23-13.25.14:141][935]LogMetaData: Removing '/Game/MyContent/Blueprints/Tutorial_Gamemode.SKEL_Tutorial_Gamemode_C' ref from Metadata '/Game/MyContent/Blueprints/Tutorial.PackageMetaData'
[2016.10.23-13.25.14:141][935]LogMetaData: Removing '/Game/MyContent/Blueprints/Tutorial_Gamemode.Tutorial_Gamemode:UserConstructionScript.K2Node_FunctionEntry_0' ref from Metadata '/Game/MyContent/Blueprints/Tutorial.PackageMetaData'
[2016.10.23-13.25.14:142][935]LogMetaData: Removing '/Game/MyContent/Blueprints/Tutorial_Gamemode.Tutorial_Gamemode:EventGraph.K2Node_Event_0' ref from Metadata '/Game/MyContent/Blueprints/Tutorial.PackageMetaData'
[2016.10.23-13.25.14:142][935]LogMetaData: Removing '/Game/MyContent/Blueprints/Tutorial_Gamemode.Tutorial_Gamemode:EventGraph.K2Node_Event_1' ref from Metadata '/Game/MyContent/Blueprints/Tutorial.PackageMetaData'
[2016.10.23-13.25.14:162][935]LogSavePackage: Save=7.09ms
[2016.10.23-13.25.14:162][935]LogSavePackage: Moving '../../../../../../sylve/Documents/WorkSpace/Unreal Projects/Disaster/Graduate_work/Team_disaster_map_1/Saved/Tutorial_Gamemode5B18A94F4FC7FD7912045CABEE95DAD9.tmp' to '../../../../../../sylve/Documents/WorkSpace/Unreal Projects/Disaster/Graduate_work/Team_disaster_map_1/Content/MyContent/Blueprints/Tutorial_Gamemode.uasset'
[2016.10.23-13.25.14:166][935]LogSavePackage:Display: Finished SavePackage ../../../../../../sylve/Documents/WorkSpace/Unreal Projects/Disaster/Graduate_work/Team_disaster_map_1/Content/MyContent/Blueprints/Tutorial_Gamemode.uasset
[2016.10.23-13.25.23:018][783]LogRenderer: Reallocating scene render targets to support 1208x712 (Frame:19322).
[2016.10.23-13.25.35:243][ 28]LogSlate:Warning: Prevented a slow task dialog from being summoned while a context menu was open
[2016.10.23-13.25.37:719][322]Cmd: UpdateLandscapeSetup
[2016.10.23-13.25.56:247][499]LogPlayLevel: PlayLevel: No blueprints needed recompiling
[2016.10.23-13.25.56:265][499]PIE: New page: PIE 세션: Map_prolloge (2016. 10. 24. 오전 7:25:56)
[2016.10.23-13.25.56:266][499]LogPlayLevel: Creating play world package: /Game/MyContent/Maps/UEDPIE_0_Map_prolloge
[2016.10.23-13.25.56:345][499]LogPlayLevel: PIE: StaticDuplicateObject took: (0.079508s)
[2016.10.23-13.25.56:345][499]LogAIModule: Creating AISystem for world Map_prolloge
[2016.10.23-13.25.56:346][499]LogPlayLevel: PIE: World Init took: (0.000704s)
[2016.10.23-13.25.56:346][499]LogPlayLevel: PIE: Created PIE world by copying editor world from /Game/MyContent/Maps/Map_prolloge.Map_prolloge to /Game/MyContent/Maps/UEDPIE_0_Map_prolloge.Map_prolloge (0.080515s)
[2016.10.23-13.25.56:384][499]LogInit: XAudio2 using '스피커(Realtek High Definition Audio)' : 2 channels at 48 kHz using 32 bits per sample (channel mask 0x3)
[2016.10.23-13.25.56:396][499]LogInit: FAudioDevice initialized.
[2016.10.23-13.25.56:489][499]LogWorld: Game class is 'Tutorial_Gamemode_C'
[2016.10.23-13.25.56:542][499]LogWorld: Bringing World /Game/MyContent/Maps/UEDPIE_0_Map_prolloge.Map_prolloge up for play (max tick rate 0) at 2016.10.23-22.25.56
[2016.10.23-13.25.56:557][499]LogWorld: Bringing up level for play took: 0.043727
[2016.10.23-13.25.56:613][499]LogContentBrowser: Native class hierarchy updated for 'MovieSceneCapture' in 0.0025 seconds. Added 11 classes and 0 folders.
[2016.10.23-13.25.56:614][499]LogGameMode:Display: Match State Changed from EnteringMap to WaitingToStart
[2016.10.23-13.25.56:614][499]LogGameState: Match State Changed from EnteringMap to WaitingToStart
[2016.10.23-13.25.56:614][499]LogGameMode:Display: Match State Changed from WaitingToStart to InProgress
[2016.10.23-13.25.56:617][499]LogGameState: Match State Changed from WaitingToStart to InProgress
[2016.10.23-13.25.56:617][499]PIE: 정보 /Game/MyContent/Maps/UEDPIE_0_Map_prolloge 에 대한 에디터에서 플레이 시작 시간: -0.18
[2016.10.23-13.26.05:669][533]LogSlate:Warning: Prevented a slow task dialog from being summoned while a context menu was open
[2016.10.23-13.27.03:076][119]LogPlayLevel: PlayLevel: No blueprints needed recompiling
[2016.10.23-13.27.03:076][119]PIE: New page: PIE 세션: Map_prolloge (2016. 10. 24. 오전 7:27:03)
[2016.10.23-13.27.03:076][119]LogPlayLevel: Creating play world package: /Game/MyContent/Maps/UEDPIE_0_Map_prolloge
[2016.10.23-13.27.03:154][119]LogPlayLevel: PIE: StaticDuplicateObject took: (0.077270s)
[2016.10.23-13.27.03:154][119]LogAIModule: Creating AISystem for world Map_prolloge
[2016.10.23-13.27.03:154][119]LogPlayLevel: PIE: World Init took: (0.000796s)
[2016.10.23-13.27.03:155][119]LogPlayLevel: PIE: Created PIE world by copying editor world from /Game/MyContent/Maps/Map_prolloge.Map_prolloge to /Game/MyContent/Maps/UEDPIE_0_Map_prolloge.Map_prolloge (0.078308s)
[2016.10.23-13.27.03:177][119]LogInit: XAudio2 using '스피커(Realtek High Definition Audio)' : 2 channels at 48 kHz using 32 bits per sample (channel mask 0x3)
[2016.10.23-13.27.03:188][119]LogInit: FAudioDevice initialized.
[2016.10.23-13.27.03:220][119]LogWorld: Game class is 'Tutorial_Gamemode_C'
[2016.10.23-13.27.03:229][119]LogWorld: Bringing World /Game/MyContent/Maps/UEDPIE_0_Map_prolloge.Map_prolloge up for play (max tick rate 0) at 2016.10.23-22.27.03
[2016.10.23-13.27.03:229][119]LogWorld: Bringing up level for play took: 0.007966
[2016.10.23-13.27.03:230][119]LogGameMode:Display: Match State Changed from EnteringMap to WaitingToStart
[2016.10.23-13.27.03:230][119]LogGameState: Match State Changed from EnteringMap to WaitingToStart
[2016.10.23-13.27.03:230][119]LogGameMode:Display: Match State Changed from WaitingToStart to InProgress
[2016.10.23-13.27.03:230][119]LogGameState: Match State Changed from WaitingToStart to InProgress
[2016.10.23-13.27.03:230][119]PIE: 정보 /Game/MyContent/Maps/UEDPIE_0_Map_prolloge 에 대한 에디터에서 플레이 시작 시간: 0.433
[2016.10.23-13.27.50:186][610]BlueprintLog: New page: Tutorial_Gamemode 컴파일
[2016.10.23-13.27.54:128][ 54]LogPlayLevel: PlayLevel: No blueprints needed recompiling
[2016.10.23-13.27.54:128][ 54]PIE: New page: PIE 세션: Map_prolloge (2016. 10. 24. 오전 7:27:54)
[2016.10.23-13.27.54:128][ 54]LogPlayLevel: Creating play world package: /Game/MyContent/Maps/UEDPIE_0_Map_prolloge
[2016.10.23-13.27.54:207][ 54]LogPlayLevel: PIE: StaticDuplicateObject took: (0.078693s)
[2016.10.23-13.27.54:207][ 54]LogAIModule: Creating AISystem for world Map_prolloge
[2016.10.23-13.27.54:207][ 54]LogPlayLevel: PIE: World Init took: (0.000682s)
[2016.10.23-13.27.54:208][ 54]LogPlayLevel: PIE: Created PIE world by copying editor world from /Game/MyContent/Maps/Map_prolloge.Map_prolloge to /Game/MyContent/Maps/UEDPIE_0_Map_prolloge.Map_prolloge (0.079658s)
[2016.10.23-13.27.54:230][ 54]LogInit: XAudio2 using '스피커(Realtek High Definition Audio)' : 2 channels at 48 kHz using 32 bits per sample (channel mask 0x3)
[2016.10.23-13.27.54:241][ 54]LogInit: FAudioDevice initialized.
[2016.10.23-13.27.54:270][ 54]LogWorld: Game class is 'Tutorial_Gamemode_C'
[2016.10.23-13.27.54:279][ 54]LogWorld: Bringing World /Game/MyContent/Maps/UEDPIE_0_Map_prolloge.Map_prolloge up for play (max tick rate 0) at 2016.10.23-22.27.54
[2016.10.23-13.27.54:280][ 54]LogWorld: Bringing up level for play took: 0.008096
[2016.10.23-13.27.54:280][ 54]LogGameMode:Display: Match State Changed from EnteringMap to WaitingToStart
[2016.10.23-13.27.54:280][ 54]LogGameState: Match State Changed from EnteringMap to WaitingToStart
[2016.10.23-13.27.54:280][ 54]LogGameMode:Display: Match State Changed from WaitingToStart to InProgress
[2016.10.23-13.27.54:281][ 54]LogGameState: Match State Changed from WaitingToStart to InProgress
[2016.10.23-13.27.54:281][ 54]PIE: 정보 /Game/MyContent/Maps/UEDPIE_0_Map_prolloge 에 대한 에디터에서 플레이 시작 시간: -0.516
[2016.10.23-13.28.03:352][117]LogEditorViewport: Clicking on Actor (LMB): Charater_C (Charater)
[2016.10.23-13.28.04:678][262]Cmd: DELETE
[2016.10.23-13.28.04:678][262]Cmd: ACTOR DELETE
[2016.10.23-13.28.04:698][262]LogEditorActor: Deleted Actor: Charater_C
[2016.10.23-13.28.04:738][262]LogEditorActor: Deleted 1 Actors (0.050 secs)
[2016.10.23-13.28.06:574][441]LogSavePackage: Save=168.83ms
[2016.10.23-13.28.06:574][441]LogSavePackage: Moving '../../../../../../sylve/Documents/WorkSpace/Unreal Projects/Disaster/Graduate_work/Team_disaster_map_1/Saved/Map_prolloge535CA1164B6660353097BCAF6A81072F.tmp' to '../../../../../../sylve/Documents/WorkSpace/Unreal Projects/Disaster/Graduate_work/Team_disaster_map_1/Content/MyContent/Maps/Map_prolloge.umap'
[2016.10.23-13.28.06:579][441]LogSavePackage:Display: Finished SavePackage ../../../../../../sylve/Documents/WorkSpace/Unreal Projects/Disaster/Graduate_work/Team_disaster_map_1/Content/MyContent/Maps/Map_prolloge.umap
[2016.10.23-13.28.06:605][441]LogFileHelpers: Saving map 'Map_prolloge' took 0.338
[2016.10.23-13.28.06:612][441]LogSavePackage: Save=1.44ms
[2016.10.23-13.28.06:612][441]LogSavePackage: Moving '../../../../../../sylve/Documents/WorkSpace/Unreal Projects/Disaster/Graduate_work/Team_disaster_map_1/Saved/Tuorial16C2B03F470BDA6B6689A698D39CA74F.tmp' to '../../../../../../sylve/Documents/WorkSpace/Unreal Projects/Disaster/Graduate_work/Team_disaster_map_1/Content/MyContent/Blueprints/Tuorial.uasset'
[2016.10.23-13.28.06:616][441]LogSavePackage:Display: Finished SavePackage ../../../../../../sylve/Documents/WorkSpace/Unreal Projects/Disaster/Graduate_work/Team_disaster_map_1/Content/MyContent/Blueprints/Tuorial.uasset
[2016.10.23-13.28.06:633][441]LogSavePackage: Save=6.42ms
[2016.10.23-13.28.06:633][441]LogSavePackage: Moving '../../../../../../sylve/Documents/WorkSpace/Unreal Projects/Disaster/Graduate_work/Team_disaster_map_1/Saved/Tutorial_Gamemode98718F5D4BD8EA538C8D058D1A2EDA56.tmp' to '../../../../../../sylve/Documents/WorkSpace/Unreal Projects/Disaster/Graduate_work/Team_disaster_map_1/Content/MyContent/Blueprints/Tutorial_Gamemode.uasset'
[2016.10.23-13.28.06:637][441]LogSavePackage:Display: Finished SavePackage ../../../../../../sylve/Documents/WorkSpace/Unreal Projects/Disaster/Graduate_work/Team_disaster_map_1/Content/MyContent/Blueprints/Tutorial_Gamemode.uasset
[2016.10.23-13.37.50:871][159]LogSlate:Warning: Prevented a slow task dialog from being summoned while a context menu was open
[2016.10.23-13.44.44:075][442]BlueprintLog: New page: Charater 컴파일
[2016.10.23-13.44.49:271][  4]LogPlayLevel: PlayLevel: No blueprints needed recompiling
[2016.10.23-13.44.49:271][  4]PIE: New page: PIE 세션: Map_prolloge (2016. 10. 24. 오전 7:44:49)
[2016.10.23-13.44.49:271][  4]LogPlayLevel: Creating play world package: /Game/MyContent/Maps/UEDPIE_0_Map_prolloge
[2016.10.23-13.44.49:354][  4]LogPlayLevel: PIE: StaticDuplicateObject took: (0.082503s)
[2016.10.23-13.44.49:354][  4]LogAIModule: Creating AISystem for world Map_prolloge
[2016.10.23-13.44.49:355][  4]LogPlayLevel: PIE: World Init took: (0.000745s)
[2016.10.23-13.44.49:355][  4]LogPlayLevel: PIE: Created PIE world by copying editor world from /Game/MyContent/Maps/Map_prolloge.Map_prolloge to /Game/MyContent/Maps/UEDPIE_0_Map_prolloge.Map_prolloge (0.083494s)
[2016.10.23-13.44.49:380][  4]LogInit: XAudio2 using '스피커(Realtek High Definition Audio)' : 2 channels at 48 kHz using 32 bits per sample (channel mask 0x3)
[2016.10.23-13.44.49:392][  4]LogInit: FAudioDevice initialized.
[2016.10.23-13.44.49:424][  4]LogWorld: Game class is 'Tutorial_Gamemode_C'
[2016.10.23-13.44.49:432][  4]LogWorld: Bringing World /Game/MyContent/Maps/UEDPIE_0_Map_prolloge.Map_prolloge up for play (max tick rate 0) at 2016.10.23-22.44.49
[2016.10.23-13.44.49:432][  4]LogWorld: Bringing up level for play took: 0.006950
[2016.10.23-13.44.49:433][  4]LogGameMode:Display: Match State Changed from EnteringMap to WaitingToStart
[2016.10.23-13.44.49:433][  4]LogGameState: Match State Changed from EnteringMap to WaitingToStart
[2016.10.23-13.44.49:433][  4]LogGameMode:Display: Match State Changed from WaitingToStart to InProgress
[2016.10.23-13.44.49:442][  4]LogGameState: Match State Changed from WaitingToStart to InProgress
[2016.10.23-13.44.49:442][  4]PIE: 정보 /Game/MyContent/Maps/UEDPIE_0_Map_prolloge 에 대한 에디터에서 플레이 시작 시간: 0.645
[2016.10.23-13.46.14:891][700]LogFileHelpers: Editor autosave (incl. sublevels) for '/Game/MyContent/Maps/Map_prolloge' took 0.014
[2016.10.23-13.46.14:941][700]OBJ SavePackage: Generating thumbnails for [1] asset(s) in package [/Game/MyContent/Blueprints/Charater] ([1] browsable assets)...
[2016.10.23-13.46.14:976][700]OBJ SavePackage:     Rendered thumbnail for [Blueprint /Game/MyContent/Blueprints/Charater.Charater]
[2016.10.23-13.46.14:976][700]OBJ SavePackage: Finished generating thumbnails for package [/Game/MyContent/Blueprints/Charater]
[2016.10.23-13.46.15:006][700]LogSavePackage: Save=21.66ms
[2016.10.23-13.46.15:006][700]LogSavePackage: Moving '../../../../../../sylve/Documents/WorkSpace/Unreal Projects/Disaster/Graduate_work/Team_disaster_map_1/Saved/Charater_Auto10CC33532499365020DA618BCA3FC7F4E.tmp' to '../../../../../../sylve/Documents/WorkSpace/Unreal Projects/Disaster/Graduate_work/Team_disaster_map_1/Saved/Autosaves/Game/MyContent/Blueprints/Charater_Auto1.uasset'
[2016.10.23-13.46.15:008][700]LogSavePackage:Display: Finished SavePackage ../../../../../../sylve/Documents/WorkSpace/Unreal Projects/Disaster/Graduate_work/Team_disaster_map_1/Saved/Autosaves/Game/MyContent/Blueprints/Charater_Auto1.uasset
[2016.10.23-13.46.15:008][700]LogFileHelpers: Auto-saving content packages took 0.070
[2016.10.23-14.01.37:871][135]LogPlayLevel: PlayLevel: No blueprints needed recompiling
[2016.10.23-14.01.37:871][135]PIE: New page: PIE 세션: Map_prolloge (2016. 10. 24. 오전 8:01:37)
[2016.10.23-14.01.37:871][135]LogPlayLevel: Creating play world package: /Game/MyContent/Maps/UEDPIE_0_Map_prolloge
[2016.10.23-14.01.37:951][135]LogPlayLevel: PIE: StaticDuplicateObject took: (0.079603s)
[2016.10.23-14.01.37:951][135]LogAIModule: Creating AISystem for world Map_prolloge
[2016.10.23-14.01.37:952][135]LogPlayLevel: PIE: World Init took: (0.000862s)
[2016.10.23-14.01.37:952][135]LogPlayLevel: PIE: Created PIE world by copying editor world from /Game/MyContent/Maps/Map_prolloge.Map_prolloge to /Game/MyContent/Maps/UEDPIE_0_Map_prolloge.Map_prolloge (0.080747s)
[2016.10.23-14.01.37:975][135]LogInit: XAudio2 using '스피커(Realtek High Definition Audio)' : 2 channels at 48 kHz using 32 bits per sample (channel mask 0x3)
[2016.10.23-14.01.37:986][135]LogInit: FAudioDevice initialized.
[2016.10.23-14.01.38:060][135]LogWorld: Game class is 'Tutorial_Gamemode_C'
[2016.10.23-14.01.38:082][135]LogWorld: Bringing World /Game/MyContent/Maps/UEDPIE_0_Map_prolloge.Map_prolloge up for play (max tick rate 0) at 2016.10.23-23.01.38
[2016.10.23-14.01.38:083][135]LogWorld: Bringing up level for play took: 0.020015
[2016.10.23-14.01.38:085][135]LogGameMode:Display: Match State Changed from EnteringMap to WaitingToStart
[2016.10.23-14.01.38:085][135]LogGameState: Match State Changed from EnteringMap to WaitingToStart
[2016.10.23-14.01.38:085][135]LogGameMode:Display: Match State Changed from WaitingToStart to InProgress
[2016.10.23-14.01.38:088][135]LogGameState: Match State Changed from WaitingToStart to InProgress
[2016.10.23-14.01.38:092][135]PIE: 정보 /Game/MyContent/Maps/UEDPIE_0_Map_prolloge 에 대한 에디터에서 플레이 시작 시간: -0.706
[2016.10.23-14.01.38:129][135]LogRenderer: Reallocating scene render targets to support 1292x756 (Frame:50748).
[2016.10.23-14.02.00:576][604]LogPlayLevel: PlayLevel: No blueprints needed recompiling
[2016.10.23-14.02.00:576][604]PIE: New page: PIE 세션: Map_prolloge (2016. 10. 24. 오전 8:02:00)
[2016.10.23-14.02.00:576][604]LogPlayLevel: Creating play world package: /Game/MyContent/Maps/UEDPIE_0_Map_prolloge
[2016.10.23-14.02.00:651][604]LogPlayLevel: PIE: StaticDuplicateObject took: (0.074686s)
[2016.10.23-14.02.00:652][604]LogAIModule: Creating AISystem for world Map_prolloge
[2016.10.23-14.02.00:652][604]LogPlayLevel: PIE: World Init took: (0.000667s)
[2016.10.23-14.02.00:652][604]LogPlayLevel: PIE: Created PIE world by copying editor world from /Game/MyContent/Maps/Map_prolloge.Map_prolloge to /Game/MyContent/Maps/UEDPIE_0_Map_prolloge.Map_prolloge (0.075622s)
[2016.10.23-14.02.00:676][604]LogInit: XAudio2 using '스피커(Realtek High Definition Audio)' : 2 channels at 48 kHz using 32 bits per sample (channel mask 0x3)
[2016.10.23-14.02.00:687][604]LogInit: FAudioDevice initialized.
[2016.10.23-14.02.00:722][604]LogWorld: Game class is 'Tutorial_Gamemode_C'
[2016.10.23-14.02.00:730][604]LogWorld: Bringing World /Game/MyContent/Maps/UEDPIE_0_Map_prolloge.Map_prolloge up for play (max tick rate 0) at 2016.10.23-23.02.00
[2016.10.23-14.02.00:730][604]LogWorld: Bringing up level for play took: 0.007090
[2016.10.23-14.02.00:731][604]LogGameMode:Display: Match State Changed from EnteringMap to WaitingToStart
[2016.10.23-14.02.00:731][604]LogGameState: Match State Changed from EnteringMap to WaitingToStart
[2016.10.23-14.02.00:731][604]LogGameMode:Display: Match State Changed from WaitingToStart to InProgress
[2016.10.23-14.02.00:747][604]LogGameState: Match State Changed from WaitingToStart to InProgress
[2016.10.23-14.02.00:749][604]PIE: 정보 /Game/MyContent/Maps/UEDPIE_0_Map_prolloge 에 대한 에디터에서 플레이 시작 시간: -0.049
[2016.10.23-14.02.31:865][254]BlueprintLog: New page: Charater 컴파일
[2016.10.23-14.02.35:594][680]LogPlayLevel: PlayLevel: No blueprints needed recompiling
[2016.10.23-14.02.35:594][680]PIE: New page: PIE 세션: Map_prolloge (2016. 10. 24. 오전 8:02:35)
[2016.10.23-14.02.35:594][680]LogPlayLevel: Creating play world package: /Game/MyContent/Maps/UEDPIE_0_Map_prolloge
[2016.10.23-14.02.35:669][680]LogPlayLevel: PIE: StaticDuplicateObject took: (0.075196s)
[2016.10.23-14.02.35:670][680]LogAIModule: Creating AISystem for world Map_prolloge
[2016.10.23-14.02.35:670][680]LogPlayLevel: PIE: World Init took: (0.000662s)
[2016.10.23-14.02.35:670][680]LogPlayLevel: PIE: Created PIE world by copying editor world from /Game/MyContent/Maps/Map_prolloge.Map_prolloge to /Game/MyContent/Maps/UEDPIE_0_Map_prolloge.Map_prolloge (0.076113s)
[2016.10.23-14.02.35:694][680]LogInit: XAudio2 using '스피커(Realtek High Definition Audio)' : 2 channels at 48 kHz using 32 bits per sample (channel mask 0x3)
[2016.10.23-14.02.35:704][680]LogInit: FAudioDevice initialized.
[2016.10.23-14.02.35:740][680]LogWorld: Game class is 'Tutorial_Gamemode_C'
[2016.10.23-14.02.35:748][680]LogWorld: Bringing World /Game/MyContent/Maps/UEDPIE_0_Map_prolloge.Map_prolloge up for play (max tick rate 0) at 2016.10.23-23.02.35
[2016.10.23-14.02.35:748][680]LogWorld: Bringing up level for play took: 0.007007
[2016.10.23-14.02.35:749][680]LogGameMode:Display: Match State Changed from EnteringMap to WaitingToStart
[2016.10.23-14.02.35:749][680]LogGameState: Match State Changed from EnteringMap to WaitingToStart
[2016.10.23-14.02.35:749][680]LogGameMode:Display: Match State Changed from WaitingToStart to InProgress
[2016.10.23-14.02.35:750][680]LogGameState: Match State Changed from WaitingToStart to InProgress
[2016.10.23-14.02.35:753][680]PIE: 정보 /Game/MyContent/Maps/UEDPIE_0_Map_prolloge 에 대한 에디터에서 플레이 시작 시간: 0.955
[2016.10.23-14.02.44:043][658]LogPlayLevel: PlayLevel: No blueprints needed recompiling
[2016.10.23-14.02.44:043][658]PIE: New page: PIE 세션: Map_prolloge (2016. 10. 24. 오전 8:02:44)
[2016.10.23-14.02.44:043][658]LogPlayLevel: Creating play world package: /Game/MyContent/Maps/UEDPIE_0_Map_prolloge
[2016.10.23-14.02.44:119][658]LogPlayLevel: PIE: StaticDuplicateObject took: (0.075659s)
[2016.10.23-14.02.44:119][658]LogAIModule: Creating AISystem for world Map_prolloge
[2016.10.23-14.02.44:119][658]LogPlayLevel: PIE: World Init took: (0.000690s)
[2016.10.23-14.02.44:120][658]LogPlayLevel: PIE: Created PIE world by copying editor world from /Game/MyContent/Maps/Map_prolloge.Map_prolloge to /Game/MyContent/Maps/UEDPIE_0_Map_prolloge.Map_prolloge (0.076599s)
[2016.10.23-14.02.44:143][658]LogInit: XAudio2 using '스피커(Realtek High Definition Audio)' : 2 channels at 48 kHz using 32 bits per sample (channel mask 0x3)
[2016.10.23-14.02.44:153][658]LogInit: FAudioDevice initialized.
[2016.10.23-14.02.44:192][658]LogWorld: Game class is 'Tutorial_Gamemode_C'
[2016.10.23-14.02.44:200][658]LogWorld: Bringing World /Game/MyContent/Maps/UEDPIE_0_Map_prolloge.Map_prolloge up for play (max tick rate 0) at 2016.10.23-23.02.44
[2016.10.23-14.02.44:200][658]LogWorld: Bringing up level for play took: 0.007291
[2016.10.23-14.02.44:201][658]LogGameMode:Display: Match State Changed from EnteringMap to WaitingToStart
[2016.10.23-14.02.44:201][658]LogGameState: Match State Changed from EnteringMap to WaitingToStart
[2016.10.23-14.02.44:201][658]LogGameMode:Display: Match State Changed from WaitingToStart to InProgress
[2016.10.23-14.02.44:202][658]LogGameState: Match State Changed from WaitingToStart to InProgress
[2016.10.23-14.02.44:204][658]PIE: 정보 /Game/MyContent/Maps/UEDPIE_0_Map_prolloge 에 대한 에디터에서 플레이 시작 시간: -0.593
[2016.10.23-14.03.01:551][ 22]LogPlayLevel: PlayLevel: No blueprints needed recompiling
[2016.10.23-14.03.01:551][ 22]PIE: New page: SIE 세션: Map_prolloge (2016. 10. 24. 오전 8:03:01)
[2016.10.23-14.03.01:551][ 22]LogPlayLevel: Creating play world package: /Game/MyContent/Maps/UEDPIE_0_Map_prolloge
[2016.10.23-14.03.01:626][ 22]LogPlayLevel: PIE: StaticDuplicateObject took: (0.075383s)
[2016.10.23-14.03.01:627][ 22]LogAIModule: Creating AISystem for world Map_prolloge
[2016.10.23-14.03.01:627][ 22]LogPlayLevel: PIE: World Init took: (0.000706s)
[2016.10.23-14.03.01:627][ 22]LogPlayLevel: PIE: Created PIE world by copying editor world from /Game/MyContent/Maps/Map_prolloge.Map_prolloge to /Game/MyContent/Maps/UEDPIE_0_Map_prolloge.Map_prolloge (0.076329s)
[2016.10.23-14.03.01:650][ 22]LogInit: XAudio2 using '스피커(Realtek High Definition Audio)' : 2 channels at 48 kHz using 32 bits per sample (channel mask 0x3)
[2016.10.23-14.03.01:660][ 22]LogInit: FAudioDevice initialized.
[2016.10.23-14.03.01:689][ 22]LogWorld: Game class is 'Tutorial_Gamemode_C'
[2016.10.23-14.03.01:697][ 22]LogWorld: Bringing World /Game/MyContent/Maps/UEDPIE_0_Map_prolloge.Map_prolloge up for play (max tick rate 0) at 2016.10.23-23.03.01
[2016.10.23-14.03.01:697][ 22]LogWorld: Bringing up level for play took: 0.007070
[2016.10.23-14.03.01:706][ 22]LogGameMode:Display: Match State Changed from EnteringMap to WaitingToStart
[2016.10.23-14.03.01:706][ 22]LogGameState: Match State Changed from EnteringMap to WaitingToStart
[2016.10.23-14.03.01:706][ 22]PIE: 정보 /Game/MyContent/Maps/UEDPIE_0_Map_prolloge 에 대한 에디터에서 플레이 시작 시간: 0.909
[2016.10.23-14.03.17:959][628]LogPlayLevel: PlayLevel: No blueprints needed recompiling
[2016.10.23-14.03.17:959][628]PIE: New page: SIE 세션: Map_prolloge (2016. 10. 24. 오전 8:03:17)
[2016.10.23-14.03.17:959][628]LogPlayLevel: Creating play world package: /Game/MyContent/Maps/UEDPIE_0_Map_prolloge
[2016.10.23-14.03.18:037][628]LogPlayLevel: PIE: StaticDuplicateObject took: (0.078559s)
[2016.10.23-14.03.18:038][628]LogAIModule: Creating AISystem for world Map_prolloge
[2016.10.23-14.03.18:038][628]LogPlayLevel: PIE: World Init took: (0.000784s)
[2016.10.23-14.03.18:038][628]LogPlayLevel: PIE: Created PIE world by copying editor world from /Game/MyContent/Maps/Map_prolloge.Map_prolloge to /Game/MyContent/Maps/UEDPIE_0_Map_prolloge.Map_prolloge (0.079558s)
[2016.10.23-14.03.18:064][628]LogInit: XAudio2 using '스피커(Realtek High Definition Audio)' : 2 channels at 48 kHz using 32 bits per sample (channel mask 0x3)
[2016.10.23-14.03.18:074][628]LogInit: FAudioDevice initialized.
[2016.10.23-14.03.18:106][628]LogWorld: Game class is 'Tutorial_Gamemode_C'
[2016.10.23-14.03.18:113][628]LogWorld: Bringing World /Game/MyContent/Maps/UEDPIE_0_Map_prolloge.Map_prolloge up for play (max tick rate 0) at 2016.10.23-23.03.18
[2016.10.23-14.03.18:113][628]LogWorld: Bringing up level for play took: 0.006938
[2016.10.23-14.03.18:114][628]LogGameMode:Display: Match State Changed from EnteringMap to WaitingToStart
[2016.10.23-14.03.18:114][628]LogGameState: Match State Changed from EnteringMap to WaitingToStart
[2016.10.23-14.03.18:114][628]PIE: 정보 /Game/MyContent/Maps/UEDPIE_0_Map_prolloge 에 대한 에디터에서 플레이 시작 시간: -0.683
[2016.10.23-14.03.22:171][937]LogPlayLevel: PlayLevel: No blueprints needed recompiling
[2016.10.23-14.03.22:172][937]PIE: New page: SIE 세션: Map_prolloge (2016. 10. 24. 오전 8:03:22)
[2016.10.23-14.03.22:172][937]LogPlayLevel: Creating play world package: /Game/MyContent/Maps/UEDPIE_0_Map_prolloge
[2016.10.23-14.03.22:249][937]LogPlayLevel: PIE: StaticDuplicateObject took: (0.077008s)
[2016.10.23-14.03.22:249][937]LogAIModule: Creating AISystem for world Map_prolloge
[2016.10.23-14.03.22:249][937]LogPlayLevel: PIE: World Init took: (0.000747s)
[2016.10.23-14.03.22:250][937]LogPlayLevel: PIE: Created PIE world by copying editor world from /Game/MyContent/Maps/Map_prolloge.Map_prolloge to /Game/MyContent/Maps/UEDPIE_0_Map_prolloge.Map_prolloge (0.078057s)
[2016.10.23-14.03.22:274][937]LogInit: XAudio2 using '스피커(Realtek High Definition Audio)' : 2 channels at 48 kHz using 32 bits per sample (channel mask 0x3)
[2016.10.23-14.03.22:284][937]LogInit: FAudioDevice initialized.
[2016.10.23-14.03.22:316][937]LogWorld: Game class is 'Tutorial_Gamemode_C'
[2016.10.23-14.03.22:337][937]LogWorld: Bringing World /Game/MyContent/Maps/UEDPIE_0_Map_prolloge.Map_prolloge up for play (max tick rate 0) at 2016.10.23-23.03.22
[2016.10.23-14.03.22:338][937]LogWorld: Bringing up level for play took: 0.019523
[2016.10.23-14.03.22:340][937]LogGameMode:Display: Match State Changed from EnteringMap to WaitingToStart
[2016.10.23-14.03.22:341][937]LogGameState: Match State Changed from EnteringMap to WaitingToStart
[2016.10.23-14.03.22:341][937]PIE: 정보 /Game/MyContent/Maps/UEDPIE_0_Map_prolloge 에 대한 에디터에서 플레이 시작 시간: -0.457
[2016.10.23-14.03.27:264][396]LogPlayLevel: PlayLevel: No blueprints needed recompiling
[2016.10.23-14.03.27:264][396]PIE: New page: SIE 세션: Map_prolloge (2016. 10. 24. 오전 8:03:27)
[2016.10.23-14.03.27:264][396]LogPlayLevel: Creating play world package: /Game/MyContent/Maps/UEDPIE_0_Map_prolloge
[2016.10.23-14.03.27:345][396]LogPlayLevel: PIE: StaticDuplicateObject took: (0.080676s)
[2016.10.23-14.03.27:345][396]LogAIModule: Creating AISystem for world Map_prolloge
[2016.10.23-14.03.27:345][396]LogPlayLevel: PIE: World Init took: (0.000692s)
[2016.10.23-14.03.27:345][396]LogPlayLevel: PIE: Created PIE world by copying editor world from /Game/MyContent/Maps/Map_prolloge.Map_prolloge to /Game/MyContent/Maps/UEDPIE_0_Map_prolloge.Map_prolloge (0.081621s)
[2016.10.23-14.03.27:370][396]LogInit: XAudio2 using '스피커(Realtek High Definition Audio)' : 2 channels at 48 kHz using 32 bits per sample (channel mask 0x3)
[2016.10.23-14.03.27:380][396]LogInit: FAudioDevice initialized.
[2016.10.23-14.03.27:411][396]LogWorld: Game class is 'Tutorial_Gamemode_C'
[2016.10.23-14.03.27:419][396]LogWorld: Bringing World /Game/MyContent/Maps/UEDPIE_0_Map_prolloge.Map_prolloge up for play (max tick rate 0) at 2016.10.23-23.03.27
[2016.10.23-14.03.27:419][396]LogWorld: Bringing up level for play took: 0.006943
[2016.10.23-14.03.27:420][396]LogGameMode:Display: Match State Changed from EnteringMap to WaitingToStart
[2016.10.23-14.03.27:420][396]LogGameState: Match State Changed from EnteringMap to WaitingToStart
[2016.10.23-14.03.27:420][396]PIE: 정보 /Game/MyContent/Maps/UEDPIE_0_Map_prolloge 에 대한 에디터에서 플레이 시작 시간: 0.622
[2016.10.23-14.03.36:807][151]LogPlayLevel: PlayLevel: No blueprints needed recompiling
[2016.10.23-14.03.36:807][151]PIE: New page: SIE 세션: Map_prolloge (2016. 10. 24. 오전 8:03:36)
[2016.10.23-14.03.36:807][151]LogPlayLevel: Creating play world package: /Game/MyContent/Maps/UEDPIE_0_Map_prolloge
[2016.10.23-14.03.36:889][151]LogPlayLevel: PIE: StaticDuplicateObject took: (0.080956s)
[2016.10.23-14.03.36:889][151]LogAIModule: Creating AISystem for world Map_prolloge
[2016.10.23-14.03.36:889][151]LogPlayLevel: PIE: World Init took: (0.000708s)
[2016.10.23-14.03.36:890][151]LogPlayLevel: PIE: Created PIE world by copying editor world from /Game/MyContent/Maps/Map_prolloge.Map_prolloge to /Game/MyContent/Maps/UEDPIE_0_Map_prolloge.Map_prolloge (0.081919s)
[2016.10.23-14.03.36:914][151]LogInit: XAudio2 using '스피커(Realtek High Definition Audio)' : 2 channels at 48 kHz using 32 bits per sample (channel mask 0x3)
[2016.10.23-14.03.36:925][151]LogInit: FAudioDevice initialized.
[2016.10.23-14.03.36:964][151]LogWorld: Game class is 'Tutorial_Gamemode_C'
[2016.10.23-14.03.36:989][151]LogWorld: Bringing World /Game/MyContent/Maps/UEDPIE_0_Map_prolloge.Map_prolloge up for play (max tick rate 0) at 2016.10.23-23.03.36
[2016.10.23-14.03.36:990][151]LogWorld: Bringing up level for play took: 0.022433
[2016.10.23-14.03.36:991][151]LogGameMode:Display: Match State Changed from EnteringMap to WaitingToStart
[2016.10.23-14.03.36:991][151]LogGameState: Match State Changed from EnteringMap to WaitingToStart
[2016.10.23-14.03.36:991][151]PIE: 정보 /Game/MyContent/Maps/UEDPIE_0_Map_prolloge 에 대한 에디터에서 플레이 시작 시간: 0.194
[2016.10.23-14.03.41:739][589]LogPlayLevel: PlayLevel: No blueprints needed recompiling
[2016.10.23-14.03.41:740][589]PIE: New page: SIE 세션: Map_prolloge (2016. 10. 24. 오전 8:03:41)
[2016.10.23-14.03.41:740][589]LogPlayLevel: Creating play world package: /Game/MyContent/Maps/UEDPIE_0_Map_prolloge
[2016.10.23-14.03.41:818][589]LogPlayLevel: PIE: StaticDuplicateObject took: (0.078156s)
[2016.10.23-14.03.41:818][589]LogAIModule: Creating AISystem for world Map_prolloge
[2016.10.23-14.03.41:818][589]LogPlayLevel: PIE: World Init took: (0.000657s)
[2016.10.23-14.03.41:819][589]LogPlayLevel: PIE: Created PIE world by copying editor world from /Game/MyContent/Maps/Map_prolloge.Map_prolloge to /Game/MyContent/Maps/UEDPIE_0_Map_prolloge.Map_prolloge (0.079082s)
[2016.10.23-14.03.41:843][589]LogInit: XAudio2 using '스피커(Realtek High Definition Audio)' : 2 channels at 48 kHz using 32 bits per sample (channel mask 0x3)
[2016.10.23-14.03.41:853][589]LogInit: FAudioDevice initialized.
[2016.10.23-14.03.41:884][589]LogWorld: Game class is 'Tutorial_Gamemode_C'
[2016.10.23-14.03.41:891][589]LogWorld: Bringing World /Game/MyContent/Maps/UEDPIE_0_Map_prolloge.Map_prolloge up for play (max tick rate 0) at 2016.10.23-23.03.41
[2016.10.23-14.03.41:892][589]LogWorld: Bringing up level for play took: 0.007161
[2016.10.23-14.03.41:892][589]LogGameMode:Display: Match State Changed from EnteringMap to WaitingToStart
[2016.10.23-14.03.41:892][589]LogGameState: Match State Changed from EnteringMap to WaitingToStart
[2016.10.23-14.03.41:893][589]PIE: 정보 /Game/MyContent/Maps/UEDPIE_0_Map_prolloge 에 대한 에디터에서 플레이 시작 시간: 1.095
[2016.10.23-14.03.47:418][ 85]BlueprintLog: New page: Charater 컴파일
[2016.10.23-14.03.49:823][290]LogSavePackage: Save=30.04ms
[2016.10.23-14.03.49:823][290]LogSavePackage: Moving '../../../../../../sylve/Documents/WorkSpace/Unreal Projects/Disaster/Graduate_work/Team_disaster_map_1/Saved/Charater22DE49514C12D28900B1AA9D77B2962F.tmp' to '../../../../../../sylve/Documents/WorkSpace/Unreal Projects/Disaster/Graduate_work/Team_disaster_map_1/Content/MyContent/Blueprints/Charater.uasset'
[2016.10.23-14.03.49:827][290]LogSavePackage:Display: Finished SavePackage ../../../../../../sylve/Documents/WorkSpace/Unreal Projects/Disaster/Graduate_work/Team_disaster_map_1/Content/MyContent/Blueprints/Charater.uasset
[2016.10.23-14.03.56:347][ 13]LogPlayLevel: PlayLevel: No blueprints needed recompiling
[2016.10.23-14.03.56:347][ 13]PIE: New page: SIE 세션: Map_prolloge (2016. 10. 24. 오전 8:03:56)
[2016.10.23-14.03.56:347][ 13]LogPlayLevel: Creating play world package: /Game/MyContent/Maps/UEDPIE_0_Map_prolloge
[2016.10.23-14.03.56:423][ 13]LogPlayLevel: PIE: StaticDuplicateObject took: (0.076227s)
[2016.10.23-14.03.56:424][ 13]LogAIModule: Creating AISystem for world Map_prolloge
[2016.10.23-14.03.56:424][ 13]LogPlayLevel: PIE: World Init took: (0.000712s)
[2016.10.23-14.03.56:424][ 13]LogPlayLevel: PIE: Created PIE world by copying editor world from /Game/MyContent/Maps/Map_prolloge.Map_prolloge to /Game/MyContent/Maps/UEDPIE_0_Map_prolloge.Map_prolloge (0.077167s)
[2016.10.23-14.03.56:449][ 13]LogInit: XAudio2 using '스피커(Realtek High Definition Audio)' : 2 channels at 48 kHz using 32 bits per sample (channel mask 0x3)
[2016.10.23-14.03.56:459][ 13]LogInit: FAudioDevice initialized.
[2016.10.23-14.03.56:489][ 13]LogWorld: Game class is 'Tutorial_Gamemode_C'
[2016.10.23-14.03.56:497][ 13]LogWorld: Bringing World /Game/MyContent/Maps/UEDPIE_0_Map_prolloge.Map_prolloge up for play (max tick rate 0) at 2016.10.23-23.03.56
[2016.10.23-14.03.56:497][ 13]LogWorld: Bringing up level for play took: 0.007006
[2016.10.23-14.03.56:498][ 13]LogGameMode:Display: Match State Changed from EnteringMap to WaitingToStart
[2016.10.23-14.03.56:498][ 13]LogGameState: Match State Changed from EnteringMap to WaitingToStart
[2016.10.23-14.03.56:498][ 13]PIE: 정보 /Game/MyContent/Maps/UEDPIE_0_Map_prolloge 에 대한 에디터에서 플레이 시작 시간: -0.299
[2016.10.23-14.04.03:289][680]LogPlayLevel: PlayLevel: No blueprints needed recompiling
[2016.10.23-14.04.03:289][680]PIE: New page: SIE 세션: Map_prolloge (2016. 10. 24. 오전 8:04:03)
[2016.10.23-14.04.03:289][680]LogPlayLevel: Creating play world package: /Game/MyContent/Maps/UEDPIE_0_Map_prolloge
[2016.10.23-14.04.03:366][680]LogPlayLevel: PIE: StaticDuplicateObject took: (0.077203s)
[2016.10.23-14.04.03:367][680]LogAIModule: Creating AISystem for world Map_prolloge
[2016.10.23-14.04.03:367][680]LogPlayLevel: PIE: World Init took: (0.000703s)
[2016.10.23-14.04.03:367][680]LogPlayLevel: PIE: Created PIE world by copying editor world from /Game/MyContent/Maps/Map_prolloge.Map_prolloge to /Game/MyContent/Maps/UEDPIE_0_Map_prolloge.Map_prolloge (0.078197s)
[2016.10.23-14.04.03:391][680]LogInit: XAudio2 using '스피커(Realtek High Definition Audio)' : 2 channels at 48 kHz using 32 bits per sample (channel mask 0x3)
[2016.10.23-14.04.03:401][680]LogInit: FAudioDevice initialized.
[2016.10.23-14.04.03:429][680]LogWorld: Game class is 'Tutorial_Gamemode_C'
[2016.10.23-14.04.03:437][680]LogWorld: Bringing World /Game/MyContent/Maps/UEDPIE_0_Map_prolloge.Map_prolloge up for play (max tick rate 0) at 2016.10.23-23.04.03
[2016.10.23-14.04.03:437][680]LogWorld: Bringing up level for play took: 0.006937
[2016.10.23-14.04.03:438][680]LogGameMode:Display: Match State Changed from EnteringMap to WaitingToStart
[2016.10.23-14.04.03:438][680]LogGameState: Match State Changed from EnteringMap to WaitingToStart
[2016.10.23-14.04.03:438][680]PIE: 정보 /Game/MyContent/Maps/UEDPIE_0_Map_prolloge 에 대한 에디터에서 플레이 시작 시간: 0.64
[2016.10.23-14.04.09:781][405]LogPlayLevel: PlayLevel: No blueprints needed recompiling
[2016.10.23-14.04.09:781][405]PIE: New page: PIE 세션: Map_prolloge (2016. 10. 24. 오전 8:04:09)
[2016.10.23-14.04.09:781][405]LogPlayLevel: Creating play world package: /Game/MyContent/Maps/UEDPIE_0_Map_prolloge
[2016.10.23-14.04.09:861][405]LogPlayLevel: PIE: StaticDuplicateObject took: (0.079706s)
[2016.10.23-14.04.09:862][405]LogAIModule: Creating AISystem for world Map_prolloge
[2016.10.23-14.04.09:862][405]LogPlayLevel: PIE: World Init took: (0.000765s)
[2016.10.23-14.04.09:862][405]LogPlayLevel: PIE: Created PIE world by copying editor world from /Game/MyContent/Maps/Map_prolloge.Map_prolloge to /Game/MyContent/Maps/UEDPIE_0_Map_prolloge.Map_prolloge (0.080776s)
[2016.10.23-14.04.09:886][405]LogInit: XAudio2 using '스피커(Realtek High Definition Audio)' : 2 channels at 48 kHz using 32 bits per sample (channel mask 0x3)
[2016.10.23-14.04.09:897][405]LogInit: FAudioDevice initialized.
[2016.10.23-14.04.09:927][405]LogWorld: Game class is 'Tutorial_Gamemode_C'
[2016.10.23-14.04.09:945][405]LogWorld: Bringing World /Game/MyContent/Maps/UEDPIE_0_Map_prolloge.Map_prolloge up for play (max tick rate 0) at 2016.10.23-23.04.09
[2016.10.23-14.04.09:945][405]LogWorld: Bringing up level for play took: 0.016493
[2016.10.23-14.04.09:947][405]LogGameMode:Display: Match State Changed from EnteringMap to WaitingToStart
[2016.10.23-14.04.09:947][405]LogGameState: Match State Changed from EnteringMap to WaitingToStart
[2016.10.23-14.04.09:947][405]LogGameMode:Display: Match State Changed from WaitingToStart to InProgress
[2016.10.23-14.04.09:949][405]LogGameState: Match State Changed from WaitingToStart to InProgress
[2016.10.23-14.04.09:949][405]PIE: 정보 /Game/MyContent/Maps/UEDPIE_0_Map_prolloge 에 대한 에디터에서 플레이 시작 시간: 1.152
[2016.10.23-14.04.12:764][729]LogPlayLevel: PlayLevel: No blueprints needed recompiling
[2016.10.23-14.04.12:764][729]PIE: New page: PIE 세션: Map_prolloge (2016. 10. 24. 오전 8:04:12)
[2016.10.23-14.04.12:764][729]LogPlayLevel: Creating play world package: /Game/MyContent/Maps/UEDPIE_0_Map_prolloge
[2016.10.23-14.04.12:841][729]LogPlayLevel: PIE: StaticDuplicateObject took: (0.077604s)
[2016.10.23-14.04.12:842][729]LogAIModule: Creating AISystem for world Map_prolloge
[2016.10.23-14.04.12:842][729]LogPlayLevel: PIE: World Init took: (0.000837s)
[2016.10.23-14.04.12:843][729]LogPlayLevel: PIE: Created PIE world by copying editor world from /Game/MyContent/Maps/Map_prolloge.Map_prolloge to /Game/MyContent/Maps/UEDPIE_0_Map_prolloge.Map_prolloge (0.078662s)
[2016.10.23-14.04.12:866][729]LogInit: XAudio2 using '스피커(Realtek High Definition Audio)' : 2 channels at 48 kHz using 32 bits per sample (channel mask 0x3)
[2016.10.23-14.04.12:876][729]LogInit: FAudioDevice initialized.
[2016.10.23-14.04.12:903][729]LogWorld: Game class is 'Tutorial_Gamemode_C'
[2016.10.23-14.04.12:911][729]LogWorld: Bringing World /Game/MyContent/Maps/UEDPIE_0_Map_prolloge.Map_prolloge up for play (max tick rate 0) at 2016.10.23-23.04.12
[2016.10.23-14.04.12:911][729]LogWorld: Bringing up level for play took: 0.007047
[2016.10.23-14.04.12:912][729]LogGameMode:Display: Match State Changed from EnteringMap to WaitingToStart
[2016.10.23-14.04.12:912][729]LogGameState: Match State Changed from EnteringMap to WaitingToStart
[2016.10.23-14.04.12:912][729]LogGameMode:Display: Match State Changed from WaitingToStart to InProgress
[2016.10.23-14.04.12:913][729]LogGameState: Match State Changed from WaitingToStart to InProgress
[2016.10.23-14.04.12:913][729]PIE: 정보 /Game/MyContent/Maps/UEDPIE_0_Map_prolloge 에 대한 에디터에서 플레이 시작 시간: 0.115
[2016.10.23-14.04.33:765][166]LogPlayLevel: PlayLevel: No blueprints needed recompiling
[2016.10.23-14.04.33:765][166]PIE: New page: PIE 세션: Map_prolloge (2016. 10. 24. 오전 8:04:33)
[2016.10.23-14.04.33:765][166]LogPlayLevel: Creating play world package: /Game/MyContent/Maps/UEDPIE_0_Map_prolloge
[2016.10.23-14.04.33:843][166]LogPlayLevel: PIE: StaticDuplicateObject took: (0.077393s)
[2016.10.23-14.04.33:844][166]LogAIModule: Creating AISystem for world Map_prolloge
[2016.10.23-14.04.33:844][166]LogPlayLevel: PIE: World Init took: (0.000985s)
[2016.10.23-14.04.33:844][166]LogPlayLevel: PIE: Created PIE world by copying editor world from /Game/MyContent/Maps/Map_prolloge.Map_prolloge to /Game/MyContent/Maps/UEDPIE_0_Map_prolloge.Map_prolloge (0.078639s)
[2016.10.23-14.04.33:867][166]LogInit: XAudio2 using '스피커(Realtek High Definition Audio)' : 2 channels at 48 kHz using 32 bits per sample (channel mask 0x3)
[2016.10.23-14.04.33:878][166]LogInit: FAudioDevice initialized.
[2016.10.23-14.04.33:905][166]LogWorld: Game class is 'Tutorial_Gamemode_C'
[2016.10.23-14.04.33:913][166]LogWorld: Bringing World /Game/MyContent/Maps/UEDPIE_0_Map_prolloge.Map_prolloge up for play (max tick rate 0) at 2016.10.23-23.04.33
[2016.10.23-14.04.33:913][166]LogWorld: Bringing up level for play took: 0.006954
[2016.10.23-14.04.33:914][166]LogGameMode:Display: Match State Changed from EnteringMap to WaitingToStart
[2016.10.23-14.04.33:914][166]LogGameState: Match State Changed from EnteringMap to WaitingToStart
[2016.10.23-14.04.33:914][166]LogGameMode:Display: Match State Changed from WaitingToStart to InProgress
[2016.10.23-14.04.33:915][166]LogGameState: Match State Changed from WaitingToStart to InProgress
[2016.10.23-14.04.33:915][166]PIE: 정보 /Game/MyContent/Maps/UEDPIE_0_Map_prolloge 에 대한 에디터에서 플레이 시작 시간: 1.118
[2016.10.23-14.07.23:643][729]LogPlayLevel: PlayLevel: No blueprints needed recompiling
[2016.10.23-14.07.23:643][729]PIE: New page: PIE 세션: Map_prolloge (2016. 10. 24. 오전 8:07:23)
[2016.10.23-14.07.23:643][729]LogPlayLevel: Creating play world package: /Game/MyContent/Maps/UEDPIE_0_Map_prolloge
[2016.10.23-14.07.23:721][729]LogPlayLevel: PIE: StaticDuplicateObject took: (0.077998s)
[2016.10.23-14.07.23:722][729]LogAIModule: Creating AISystem for world Map_prolloge
[2016.10.23-14.07.23:722][729]LogPlayLevel: PIE: World Init took: (0.000873s)
[2016.10.23-14.07.23:722][729]LogPlayLevel: PIE: Created PIE world by copying editor world from /Game/MyContent/Maps/Map_prolloge.Map_prolloge to /Game/MyContent/Maps/UEDPIE_0_Map_prolloge.Map_prolloge (0.079202s)
[2016.10.23-14.07.23:746][729]LogInit: XAudio2 using '스피커(Realtek High Definition Audio)' : 2 channels at 48 kHz using 32 bits per sample (channel mask 0x3)
[2016.10.23-14.07.23:757][729]LogInit: FAudioDevice initialized.
[2016.10.23-14.07.23:788][729]LogWorld: Game class is 'Tutorial_Gamemode_C'
[2016.10.23-14.07.23:796][729]LogWorld: Bringing World /Game/MyContent/Maps/UEDPIE_0_Map_prolloge.Map_prolloge up for play (max tick rate 0) at 2016.10.23-23.07.23
[2016.10.23-14.07.23:797][729]LogWorld: Bringing up level for play took: 0.007224
[2016.10.23-14.07.23:797][729]LogGameMode:Display: Match State Changed from EnteringMap to WaitingToStart
[2016.10.23-14.07.23:797][729]LogGameState: Match State Changed from EnteringMap to WaitingToStart
[2016.10.23-14.07.23:797][729]LogGameMode:Display: Match State Changed from WaitingToStart to InProgress
[2016.10.23-14.07.23:799][729]LogGameState: Match State Changed from WaitingToStart to InProgress
[2016.10.23-14.07.23:799][729]PIE: 정보 /Game/MyContent/Maps/UEDPIE_0_Map_prolloge 에 대한 에디터에서 플레이 시작 시간: 1.001
[2016.10.23-14.15.02:923][603]LogSkeletalMesh: InitArticulated: Bodies already created (/Engine/Transient.DebugSkelMeshComponent_0) - call TermArticulated first.
[2016.10.23-14.17.57:570][659]LogSkeletalMesh: InitArticulated: Bodies already created (/Engine/Transient.DebugSkelMeshComponent_2) - call TermArticulated first.
[2016.10.23-14.21.19:817][155]LogSlate:Warning: Prevented a slow task dialog from being summoned while a context menu was open
[2016.10.23-14.21.26:526][791]BlueprintLog: New page: Charater 컴파일
[2016.10.23-14.21.28:712][ 16]LogSavePackage: Save=21.15ms
[2016.10.23-14.21.28:712][ 16]LogSavePackage: Moving '../../../../../../sylve/Documents/WorkSpace/Unreal Projects/Disaster/Graduate_work/Team_disaster_map_1/Saved/CharaterF7D912CE464CA2ABF9B5BA8D8D930BF0.tmp' to '../../../../../../sylve/Documents/WorkSpace/Unreal Projects/Disaster/Graduate_work/Team_disaster_map_1/Content/MyContent/Blueprints/Charater.uasset'
[2016.10.23-14.21.28:717][ 16]LogSavePackage:Display: Finished SavePackage ../../../../../../sylve/Documents/WorkSpace/Unreal Projects/Disaster/Graduate_work/Team_disaster_map_1/Content/MyContent/Blueprints/Charater.uasset
[2016.10.23-14.21.30:971][273]LogPlayLevel: PlayLevel: No blueprints needed recompiling
[2016.10.23-14.21.30:971][273]PIE: New page: PIE 세션: Map_prolloge (2016. 10. 24. 오전 8:21:30)
[2016.10.23-14.21.30:972][273]LogPlayLevel: Creating play world package: /Game/MyContent/Maps/UEDPIE_0_Map_prolloge
[2016.10.23-14.21.31:050][273]LogPlayLevel: PIE: StaticDuplicateObject took: (0.078094s)
[2016.10.23-14.21.31:051][273]LogAIModule: Creating AISystem for world Map_prolloge
[2016.10.23-14.21.31:051][273]LogPlayLevel: PIE: World Init took: (0.000676s)
[2016.10.23-14.21.31:051][273]LogPlayLevel: PIE: Created PIE world by copying editor world from /Game/MyContent/Maps/Map_prolloge.Map_prolloge to /Game/MyContent/Maps/UEDPIE_0_Map_prolloge.Map_prolloge (0.079083s)
[2016.10.23-14.21.31:074][273]LogInit: XAudio2 using '스피커(Realtek High Definition Audio)' : 2 channels at 48 kHz using 32 bits per sample (channel mask 0x3)
[2016.10.23-14.21.31:085][273]LogInit: FAudioDevice initialized.
[2016.10.23-14.21.31:113][273]LogWorld: Game class is 'Tutorial_Gamemode_C'
[2016.10.23-14.21.31:121][273]LogWorld: Bringing World /Game/MyContent/Maps/UEDPIE_0_Map_prolloge.Map_prolloge up for play (max tick rate 0) at 2016.10.23-23.21.31
[2016.10.23-14.21.31:121][273]LogWorld: Bringing up level for play took: 0.006750
[2016.10.23-14.21.31:122][273]LogGameMode:Display: Match State Changed from EnteringMap to WaitingToStart
[2016.10.23-14.21.31:122][273]LogGameState: Match State Changed from EnteringMap to WaitingToStart
[2016.10.23-14.21.31:122][273]LogGameMode:Display: Match State Changed from WaitingToStart to InProgress
[2016.10.23-14.21.31:123][273]LogGameState: Match State Changed from WaitingToStart to InProgress
[2016.10.23-14.21.31:123][273]PIE: 정보 /Game/MyContent/Maps/UEDPIE_0_Map_prolloge 에 대한 에디터에서 플레이 시작 시간: 0.326
[2016.10.23-14.26.26:759][106]BlueprintLog: New page: Charater 컴파일
[2016.10.23-14.26.28:536][292]LogPlayLevel: PlayLevel: No blueprints needed recompiling
[2016.10.23-14.26.28:536][292]PIE: New page: PIE 세션: Map_prolloge (2016. 10. 24. 오전 8:26:28)
[2016.10.23-14.26.28:536][292]LogPlayLevel: Creating play world package: /Game/MyContent/Maps/UEDPIE_0_Map_prolloge
[2016.10.23-14.26.28:614][292]LogPlayLevel: PIE: StaticDuplicateObject took: (0.077505s)
[2016.10.23-14.26.28:614][292]LogAIModule: Creating AISystem for world Map_prolloge
[2016.10.23-14.26.28:615][292]LogPlayLevel: PIE: World Init took: (0.000712s)
[2016.10.23-14.26.28:615][292]LogPlayLevel: PIE: Created PIE world by copying editor world from /Game/MyContent/Maps/Map_prolloge.Map_prolloge to /Game/MyContent/Maps/UEDPIE_0_Map_prolloge.Map_prolloge (0.078499s)
[2016.10.23-14.26.28:640][292]LogInit: XAudio2 using '스피커(Realtek High Definition Audio)' : 2 channels at 48 kHz using 32 bits per sample (channel mask 0x3)
[2016.10.23-14.26.28:651][292]LogInit: FAudioDevice initialized.
[2016.10.23-14.26.28:680][292]LogWorld: Game class is 'Tutorial_Gamemode_C'
[2016.10.23-14.26.28:688][292]LogWorld: Bringing World /Game/MyContent/Maps/UEDPIE_0_Map_prolloge.Map_prolloge up for play (max tick rate 0) at 2016.10.23-23.26.28
[2016.10.23-14.26.28:688][292]LogWorld: Bringing up level for play took: 0.007113
[2016.10.23-14.26.28:689][292]LogGameMode:Display: Match State Changed from EnteringMap to WaitingToStart
[2016.10.23-14.26.28:689][292]LogGameState: Match State Changed from EnteringMap to WaitingToStart
[2016.10.23-14.26.28:689][292]LogGameMode:Display: Match State Changed from WaitingToStart to InProgress
[2016.10.23-14.26.28:691][292]LogGameState: Match State Changed from WaitingToStart to InProgress
[2016.10.23-14.26.28:691][292]PIE: 정보 /Game/MyContent/Maps/UEDPIE_0_Map_prolloge 에 대한 에디터에서 플레이 시작 시간: -0.107
[2016.10.23-14.29.06:642][ 87]LogFileHelpers: Editor autosave (incl. sublevels) for '/Game/MyContent/Maps/Map_prolloge' took 0.012
[2016.10.23-14.29.06:644][ 87]OBJ SavePackage: Generating thumbnails for [1] asset(s) in package [/Game/MyContent/Blueprints/Charater] ([1] browsable assets)...
[2016.10.23-14.29.06:675][ 87]OBJ SavePackage:     Rendered thumbnail for [Blueprint /Game/MyContent/Blueprints/Charater.Charater]
[2016.10.23-14.29.06:675][ 87]OBJ SavePackage: Finished generating thumbnails for package [/Game/MyContent/Blueprints/Charater]
[2016.10.23-14.29.06:703][ 87]LogSavePackage: Save=21.98ms
[2016.10.23-14.29.06:703][ 87]LogSavePackage: Moving '../../../../../../sylve/Documents/WorkSpace/Unreal Projects/Disaster/Graduate_work/Team_disaster_map_1/Saved/Charater_Auto2D035E54A4CDA5CDEE556318F71E00032.tmp' to '../../../../../../sylve/Documents/WorkSpace/Unreal Projects/Disaster/Graduate_work/Team_disaster_map_1/Saved/Autosaves/Game/MyContent/Blueprints/Charater_Auto2.uasset'
[2016.10.23-14.29.06:706][ 87]LogSavePackage:Display: Finished SavePackage ../../../../../../sylve/Documents/WorkSpace/Unreal Projects/Disaster/Graduate_work/Team_disaster_map_1/Saved/Autosaves/Game/MyContent/Blueprints/Charater_Auto2.uasset
[2016.10.23-14.29.06:706][ 87]LogFileHelpers: Auto-saving content packages took 0.063
[2016.10.23-14.54.26:561][873]LogPlayLevel: PlayLevel: No blueprints needed recompiling
[2016.10.23-14.54.26:562][873]PIE: New page: PIE 세션: Map_prolloge (2016. 10. 24. 오전 8:54:26)
[2016.10.23-14.54.26:565][873]LogPlayLevel: Creating play world package: /Game/MyContent/Maps/UEDPIE_0_Map_prolloge
[2016.10.23-14.54.26:826][873]LogPlayLevel: PIE: StaticDuplicateObject took: (0.261094s)
[2016.10.23-14.54.26:829][873]LogAIModule: Creating AISystem for world Map_prolloge
[2016.10.23-14.54.26:829][873]LogPlayLevel: PIE: World Init took: (0.003604s)
[2016.10.23-14.54.26:830][873]LogPlayLevel: PIE: Created PIE world by copying editor world from /Game/MyContent/Maps/Map_prolloge.Map_prolloge to /Game/MyContent/Maps/UEDPIE_0_Map_prolloge.Map_prolloge (0.265289s)
[2016.10.23-14.54.26:889][873]LogInit: XAudio2 using '스피커(Realtek High Definition Audio)' : 2 channels at 48 kHz using 32 bits per sample (channel mask 0x3)
[2016.10.23-14.54.26:903][873]LogInit: FAudioDevice initialized.
[2016.10.23-14.54.26:959][873]LogWorld: Game class is 'Tutorial_Gamemode_C'
[2016.10.23-14.54.26:969][873]LogWorld: Bringing World /Game/MyContent/Maps/UEDPIE_0_Map_prolloge.Map_prolloge up for play (max tick rate 0) at 2016.10.23-23.54.26
[2016.10.23-14.54.26:969][873]LogWorld: Bringing up level for play took: 0.008585
[2016.10.23-14.54.26:972][873]LogGameMode:Display: Match State Changed from EnteringMap to WaitingToStart
[2016.10.23-14.54.26:972][873]LogGameState: Match State Changed from EnteringMap to WaitingToStart
[2016.10.23-14.54.26:972][873]LogGameMode:Display: Match State Changed from WaitingToStart to InProgress
[2016.10.23-14.54.26:974][873]LogGameState: Match State Changed from WaitingToStart to InProgress
[2016.10.23-14.54.26:975][873]PIE: 정보 /Game/MyContent/Maps/UEDPIE_0_Map_prolloge 에 대한 에디터에서 플레이 시작 시간: 0.177
[2016.10.23-14.54.39:244][302]LogSavePackage: Save=34.89ms
[2016.10.23-14.54.39:244][302]LogSavePackage: Moving '../../../../../../sylve/Documents/WorkSpace/Unreal Projects/Disaster/Graduate_work/Team_disaster_map_1/Saved/CharaterB2534FC74CB4476A112D20B28F41A9FF.tmp' to '../../../../../../sylve/Documents/WorkSpace/Unreal Projects/Disaster/Graduate_work/Team_disaster_map_1/Content/MyContent/Blueprints/Charater.uasset'
[2016.10.23-14.54.39:251][302]LogSavePackage:Display: Finished SavePackage ../../../../../../sylve/Documents/WorkSpace/Unreal Projects/Disaster/Graduate_work/Team_disaster_map_1/Content/MyContent/Blueprints/Charater.uasset
[2016.10.23-14.57.23:899][528]LogFileHelpers: Editor autosave (incl. sublevels) for '/Game/MyContent/Maps/Map_prolloge' took 0.021
[2016.10.23-14.57.23:902][528]OBJ SavePackage: Generating thumbnails for [1] asset(s) in package [/Game/MyContent/Blueprints/Charater] ([1] browsable assets)...
[2016.10.23-14.57.23:917][528]OBJ SavePackage:     Rendered thumbnail for [Blueprint /Game/MyContent/Blueprints/Charater.Charater]
[2016.10.23-14.57.23:917][528]OBJ SavePackage: Finished generating thumbnails for package [/Game/MyContent/Blueprints/Charater]
[2016.10.23-14.57.23:951][528]LogSavePackage: Save=26.48ms
[2016.10.23-14.57.23:951][528]LogSavePackage: Moving '../../../../../../sylve/Documents/WorkSpace/Unreal Projects/Disaster/Graduate_work/Team_disaster_m